mode: set
github.com/igortoigildin/go-metrics-altering/cmd/server/main.go:21.13,29.16 6 0
github.com/igortoigildin/go-metrics-altering/cmd/server/main.go:29.16,32.3 2 0
github.com/igortoigildin/go-metrics-altering/cmd/server/main.go:34.2,34.59 1 0
github.com/igortoigildin/go-metrics-altering/cmd/server/main.go:34.59,37.3 2 0
github.com/igortoigildin/go-metrics-altering/cmd/server/main.go:39.2,46.16 6 0
github.com/igortoigildin/go-metrics-altering/cmd/server/main.go:46.16,49.3 2 0
github.com/igortoigildin/go-metrics-altering/cmd/staticlint/main.go:29.13,31.16 2 0
github.com/igortoigildin/go-metrics-altering/cmd/staticlint/main.go:31.16,33.3 1 0
github.com/igortoigildin/go-metrics-altering/cmd/staticlint/main.go:35.2,36.16 2 0
github.com/igortoigildin/go-metrics-altering/cmd/staticlint/main.go:36.16,38.3 1 0
github.com/igortoigildin/go-metrics-altering/cmd/staticlint/main.go:41.2,42.50 2 0
github.com/igortoigildin/go-metrics-altering/cmd/staticlint/main.go:42.50,44.3 1 0
github.com/igortoigildin/go-metrics-altering/cmd/staticlint/main.go:47.2,57.36 3 0
github.com/igortoigildin/go-metrics-altering/cmd/staticlint/main.go:57.36,59.3 1 0
github.com/igortoigildin/go-metrics-altering/cmd/staticlint/main.go:61.2,61.42 1 0
github.com/igortoigildin/go-metrics-altering/cmd/staticlint/main.go:61.42,62.30 1 0
github.com/igortoigildin/go-metrics-altering/cmd/staticlint/main.go:62.30,64.4 1 0
github.com/igortoigildin/go-metrics-altering/cmd/staticlint/main.go:92.2,94.3 1 0
github.com/igortoigildin/go-metrics-altering/cmd/agent/agent.go:19.13,25.16 5 0
github.com/igortoigildin/go-metrics-altering/cmd/agent/agent.go:25.16,28.3 2 0
github.com/igortoigildin/go-metrics-altering/cmd/agent/agent.go:29.2,29.60 1 0
github.com/igortoigildin/go-metrics-altering/cmd/agent/agent.go:29.60,32.3 2 0
github.com/igortoigildin/go-metrics-altering/cmd/agent/agent.go:34.2,41.12 6 0
github.com/igortoigildin/go-metrics-altering/cmd/agent/agent.go:41.12,44.3 2 0
github.com/igortoigildin/go-metrics-altering/cmd/agent/agent.go:46.2,47.12 2 0
github.com/igortoigildin/go-metrics-altering/cmd/agent/agent.go:47.12,50.3 2 0
github.com/igortoigildin/go-metrics-altering/cmd/agent/agent.go:52.2,52.42 1 0
github.com/igortoigildin/go-metrics-altering/cmd/agent/agent.go:52.42,54.13 2 0
github.com/igortoigildin/go-metrics-altering/cmd/agent/agent.go:54.13,57.4 2 0
github.com/igortoigildin/go-metrics-altering/cmd/agent/agent.go:60.2,61.12 2 0
github.com/igortoigildin/go-metrics-altering/cmd/agent/agent.go:61.12,64.3 2 0
github.com/igortoigildin/go-metrics-altering/cmd/agent/agent.go:66.2,66.11 1 0
github.com/igortoigildin/go-metrics-altering/config/agent/config.go:33.41,44.58 10 0
github.com/igortoigildin/go-metrics-altering/config/agent/config.go:44.58,46.3 1 0
github.com/igortoigildin/go-metrics-altering/config/agent/config.go:47.2,47.65 1 0
github.com/igortoigildin/go-metrics-altering/config/agent/config.go:47.65,49.17 2 0
github.com/igortoigildin/go-metrics-altering/config/agent/config.go:49.17,51.4 1 0
github.com/igortoigildin/go-metrics-altering/config/agent/config.go:53.2,53.58 1 0
github.com/igortoigildin/go-metrics-altering/config/agent/config.go:53.58,55.3 1 0
github.com/igortoigildin/go-metrics-altering/config/agent/config.go:56.2,56.80 1 0
github.com/igortoigildin/go-metrics-altering/config/agent/config.go:56.80,58.17 2 0
github.com/igortoigildin/go-metrics-altering/config/agent/config.go:58.17,60.4 1 0
github.com/igortoigildin/go-metrics-altering/config/agent/config.go:62.2,62.74 1 0
github.com/igortoigildin/go-metrics-altering/config/agent/config.go:62.74,64.17 2 0
github.com/igortoigildin/go-metrics-altering/config/agent/config.go:64.17,66.4 1 0
github.com/igortoigildin/go-metrics-altering/config/agent/config.go:68.2,68.62 1 0
github.com/igortoigildin/go-metrics-altering/config/agent/config.go:68.62,70.3 1 0
github.com/igortoigildin/go-metrics-altering/config/agent/config.go:71.2,73.17 3 0
github.com/igortoigildin/go-metrics-altering/config/server/config.go:32.42,44.58 11 0
github.com/igortoigildin/go-metrics-altering/config/server/config.go:44.58,46.3 1 0
github.com/igortoigildin/go-metrics-altering/config/server/config.go:47.2,47.62 1 0
github.com/igortoigildin/go-metrics-altering/config/server/config.go:47.62,49.3 1 0
github.com/igortoigildin/go-metrics-altering/config/server/config.go:50.2,50.54 1 0
github.com/igortoigildin/go-metrics-altering/config/server/config.go:50.54,52.3 1 0
github.com/igortoigildin/go-metrics-altering/config/server/config.go:53.2,53.81 1 0
github.com/igortoigildin/go-metrics-altering/config/server/config.go:53.81,56.17 2 0
github.com/igortoigildin/go-metrics-altering/config/server/config.go:56.17,58.4 1 0
github.com/igortoigildin/go-metrics-altering/config/server/config.go:59.3,59.28 1 0
github.com/igortoigildin/go-metrics-altering/config/server/config.go:61.2,61.72 1 0
github.com/igortoigildin/go-metrics-altering/config/server/config.go:61.72,63.3 1 0
github.com/igortoigildin/go-metrics-altering/config/server/config.go:64.2,64.59 1 0
github.com/igortoigildin/go-metrics-altering/config/server/config.go:64.59,66.3 1 0
github.com/igortoigildin/go-metrics-altering/config/server/config.go:67.2,67.66 1 0
github.com/igortoigildin/go-metrics-altering/config/server/config.go:67.66,70.17 2 0
github.com/igortoigildin/go-metrics-altering/config/server/config.go:70.17,72.4 1 0
github.com/igortoigildin/go-metrics-altering/config/server/config.go:73.3,73.22 1 0
github.com/igortoigildin/go-metrics-altering/config/server/config.go:76.2,76.21 1 0
github.com/igortoigildin/go-metrics-altering/config/server/config.go:76.21,78.3 1 0
github.com/igortoigildin/go-metrics-altering/config/server/config.go:79.2,80.17 2 0
github.com/igortoigildin/go-metrics-altering/config/server/config.go:83.42,84.27 1 0
github.com/igortoigildin/go-metrics-altering/config/server/config.go:84.27,86.3 1 0
github.com/igortoigildin/go-metrics-altering/config/server/config.go:87.2,87.28 1 0
github.com/igortoigildin/go-metrics-altering/config/server/config.go:87.28,89.3 1 0
github.com/igortoigildin/go-metrics-altering/config/server/config.go:90.2,90.29 1 0
github.com/igortoigildin/go-metrics-altering/config/server/config.go:90.29,92.3 1 0
github.com/igortoigildin/go-metrics-altering/config/server/config.go:93.2,93.13 1 0
github.com/igortoigildin/go-metrics-altering/internal/models/models.go:15.46,21.2 1 0
github.com/igortoigildin/go-metrics-altering/internal/models/models.go:24.59,30.2 1 0
github.com/igortoigildin/go-metrics-altering/internal/server/api/mocks/Storage.go:18.107,21.19 2 0
github.com/igortoigildin/go-metrics-altering/internal/server/api/mocks/Storage.go:21.19,22.45 1 0
github.com/igortoigildin/go-metrics-altering/internal/server/api/mocks/Storage.go:25.2,27.94 3 0
github.com/igortoigildin/go-metrics-altering/internal/server/api/mocks/Storage.go:27.94,29.3 1 0
github.com/igortoigildin/go-metrics-altering/internal/server/api/mocks/Storage.go:30.2,30.85 1 0
github.com/igortoigildin/go-metrics-altering/internal/server/api/mocks/Storage.go:30.85,32.3 1 0
github.com/igortoigildin/go-metrics-altering/internal/server/api/mocks/Storage.go:32.8,34.3 1 0
github.com/igortoigildin/go-metrics-altering/internal/server/api/mocks/Storage.go:36.2,36.76 1 0
github.com/igortoigildin/go-metrics-altering/internal/server/api/mocks/Storage.go:36.76,38.3 1 0
github.com/igortoigildin/go-metrics-altering/internal/server/api/mocks/Storage.go:38.8,40.3 1 0
github.com/igortoigildin/go-metrics-altering/internal/server/api/mocks/Storage.go:42.2,42.15 1 0
github.com/igortoigildin/go-metrics-altering/internal/server/api/mocks/Storage.go:46.80,49.19 2 0
github.com/igortoigildin/go-metrics-altering/internal/server/api/mocks/Storage.go:49.19,50.48 1 0
github.com/igortoigildin/go-metrics-altering/internal/server/api/mocks/Storage.go:53.2,55.86 3 0
github.com/igortoigildin/go-metrics-altering/internal/server/api/mocks/Storage.go:55.86,57.3 1 0
github.com/igortoigildin/go-metrics-altering/internal/server/api/mocks/Storage.go:58.2,58.77 1 0
github.com/igortoigildin/go-metrics-altering/internal/server/api/mocks/Storage.go:58.77,60.3 1 0
github.com/igortoigildin/go-metrics-altering/internal/server/api/mocks/Storage.go:60.8,61.24 1 0
github.com/igortoigildin/go-metrics-altering/internal/server/api/mocks/Storage.go:61.24,63.4 1 0
github.com/igortoigildin/go-metrics-altering/internal/server/api/mocks/Storage.go:66.2,66.60 1 0
github.com/igortoigildin/go-metrics-altering/internal/server/api/mocks/Storage.go:66.60,68.3 1 0
github.com/igortoigildin/go-metrics-altering/internal/server/api/mocks/Storage.go:68.8,70.3 1 0
github.com/igortoigildin/go-metrics-altering/internal/server/api/mocks/Storage.go:72.2,72.15 1 0
github.com/igortoigildin/go-metrics-altering/internal/server/api/mocks/Storage.go:76.52,79.19 2 0
github.com/igortoigildin/go-metrics-altering/internal/server/api/mocks/Storage.go:79.19,80.46 1 0
github.com/igortoigildin/go-metrics-altering/internal/server/api/mocks/Storage.go:83.2,84.60 2 0
github.com/igortoigildin/go-metrics-altering/internal/server/api/mocks/Storage.go:84.60,86.3 1 0
github.com/igortoigildin/go-metrics-altering/internal/server/api/mocks/Storage.go:86.8,88.3 1 0
github.com/igortoigildin/go-metrics-altering/internal/server/api/mocks/Storage.go:90.2,90.11 1 0
github.com/igortoigildin/go-metrics-altering/internal/server/api/mocks/Storage.go:94.117,97.19 2 0
github.com/igortoigildin/go-metrics-altering/internal/server/api/mocks/Storage.go:97.19,98.48 1 0
github.com/igortoigildin/go-metrics-altering/internal/server/api/mocks/Storage.go:101.2,102.89 2 0
github.com/igortoigildin/go-metrics-altering/internal/server/api/mocks/Storage.go:102.89,104.3 1 0
github.com/igortoigildin/go-metrics-altering/internal/server/api/mocks/Storage.go:104.8,106.3 1 0
github.com/igortoigildin/go-metrics-altering/internal/server/api/mocks/Storage.go:108.2,108.11 1 0
github.com/igortoigildin/go-metrics-altering/internal/server/api/mocks/Storage.go:116.13,120.19 3 0
github.com/igortoigildin/go-metrics-altering/internal/server/api/mocks/Storage.go:120.19,120.49 1 0
github.com/igortoigildin/go-metrics-altering/internal/server/api/mocks/Storage.go:122.2,122.13 1 0
github.com/igortoigildin/go-metrics-altering/internal/storage/postgres/postgres.go:25.44,29.2 1 0
github.com/igortoigildin/go-metrics-altering/internal/storage/postgres/postgres.go:31.53,32.36 1 0
github.com/igortoigildin/go-metrics-altering/internal/storage/postgres/postgres.go:32.36,37.3 2 0
github.com/igortoigildin/go-metrics-altering/internal/storage/postgres/postgres.go:37.8,42.3 2 0
github.com/igortoigildin/go-metrics-altering/internal/storage/postgres/postgres.go:45.47,48.16 3 0
github.com/igortoigildin/go-metrics-altering/internal/storage/postgres/postgres.go:48.16,50.3 1 0
github.com/igortoigildin/go-metrics-altering/internal/storage/postgres/postgres.go:51.2,54.16 3 0
github.com/igortoigildin/go-metrics-altering/internal/storage/postgres/postgres.go:54.16,56.3 1 0
github.com/igortoigildin/go-metrics-altering/internal/storage/postgres/postgres.go:57.2,59.16 2 0
github.com/igortoigildin/go-metrics-altering/internal/storage/postgres/postgres.go:59.16,61.3 1 0
github.com/igortoigildin/go-metrics-altering/internal/storage/postgres/postgres.go:62.2,62.12 1 0
github.com/igortoigildin/go-metrics-altering/internal/storage/postgres/postgres.go:65.54,67.16 2 0
github.com/igortoigildin/go-metrics-altering/internal/storage/postgres/postgres.go:67.16,69.3 1 0
github.com/igortoigildin/go-metrics-altering/internal/storage/postgres/postgres.go:70.2,70.12 1 0
github.com/igortoigildin/go-metrics-altering/internal/storage/postgres/postgres.go:73.111,76.2 2 0
github.com/igortoigildin/go-metrics-altering/internal/storage/postgres/postgres.go:78.109,81.2 2 0
github.com/igortoigildin/go-metrics-altering/internal/storage/postgres/postgres.go:83.74,86.16 3 0
github.com/igortoigildin/go-metrics-altering/internal/storage/postgres/postgres.go:86.16,88.3 1 0
github.com/igortoigildin/go-metrics-altering/internal/storage/postgres/postgres.go:89.2,90.18 2 0
github.com/igortoigildin/go-metrics-altering/internal/storage/postgres/postgres.go:90.18,94.17 4 0
github.com/igortoigildin/go-metrics-altering/internal/storage/postgres/postgres.go:94.17,96.4 1 0
github.com/igortoigildin/go-metrics-altering/internal/storage/postgres/postgres.go:97.3,97.24 1 0
github.com/igortoigildin/go-metrics-altering/internal/storage/postgres/postgres.go:99.2,100.16 2 0
github.com/igortoigildin/go-metrics-altering/internal/storage/postgres/postgres.go:100.16,102.3 1 0
github.com/igortoigildin/go-metrics-altering/internal/storage/postgres/postgres.go:103.2,104.16 2 0
github.com/igortoigildin/go-metrics-altering/internal/storage/postgres/postgres.go:104.16,106.3 1 0
github.com/igortoigildin/go-metrics-altering/internal/storage/postgres/postgres.go:107.2,108.18 2 0
github.com/igortoigildin/go-metrics-altering/internal/storage/postgres/postgres.go:108.18,112.17 4 0
github.com/igortoigildin/go-metrics-altering/internal/storage/postgres/postgres.go:112.17,114.4 1 0
github.com/igortoigildin/go-metrics-altering/internal/storage/postgres/postgres.go:115.3,115.24 1 0
github.com/igortoigildin/go-metrics-altering/internal/storage/postgres/postgres.go:117.2,118.16 2 0
github.com/igortoigildin/go-metrics-altering/internal/storage/postgres/postgres.go:118.16,120.3 1 0
github.com/igortoigildin/go-metrics-altering/internal/storage/postgres/postgres.go:121.2,121.21 1 0
github.com/igortoigildin/go-metrics-altering/internal/storage/postgres/strategy.go:22.106,25.16 2 0
github.com/igortoigildin/go-metrics-altering/internal/storage/postgres/strategy.go:25.16,28.3 2 0
github.com/igortoigildin/go-metrics-altering/internal/storage/postgres/strategy.go:29.2,29.12 1 0
github.com/igortoigildin/go-metrics-altering/internal/storage/postgres/strategy.go:32.104,36.9 3 0
github.com/igortoigildin/go-metrics-altering/internal/storage/postgres/strategy.go:37.37,39.21 2 0
github.com/igortoigildin/go-metrics-altering/internal/storage/postgres/strategy.go:40.18,42.21 2 0
github.com/igortoigildin/go-metrics-altering/internal/storage/postgres/strategy.go:44.2,44.20 1 0
github.com/igortoigildin/go-metrics-altering/internal/storage/postgres/strategy.go:51.106,54.16 2 0
github.com/igortoigildin/go-metrics-altering/internal/storage/postgres/strategy.go:54.16,57.3 2 0
github.com/igortoigildin/go-metrics-altering/internal/storage/postgres/strategy.go:58.2,58.12 1 0
github.com/igortoigildin/go-metrics-altering/internal/storage/postgres/strategy.go:61.104,65.9 3 0
github.com/igortoigildin/go-metrics-altering/internal/storage/postgres/strategy.go:66.37,68.21 2 0
github.com/igortoigildin/go-metrics-altering/internal/storage/postgres/strategy.go:69.18,71.21 2 0
github.com/igortoigildin/go-metrics-altering/internal/storage/postgres/strategy.go:73.2,73.20 1 0
github.com/igortoigildin/go-metrics-altering/internal/storage/storage.go:21.44,22.25 1 0
github.com/igortoigildin/go-metrics-altering/internal/storage/storage.go:22.25,25.3 2 0
github.com/igortoigildin/go-metrics-altering/internal/storage/storage.go:27.2,29.21 2 0
github.com/igortoigildin/go-metrics-altering/internal/storage/storage.go:29.21,31.17 2 0
github.com/igortoigildin/go-metrics-altering/internal/storage/storage.go:31.17,33.4 1 0
github.com/igortoigildin/go-metrics-altering/internal/storage/storage.go:36.2,36.29 1 0
github.com/igortoigildin/go-metrics-altering/internal/storage/storage.go:36.29,38.3 1 0
github.com/igortoigildin/go-metrics-altering/internal/storage/storage.go:40.2,40.15 1 0
github.com/igortoigildin/go-metrics-altering/pkg/middlewares/auth/auth.go:17.77,18.71 1 0
github.com/igortoigildin/go-metrics-altering/pkg/middlewares/auth/auth.go:18.71,20.55 2 0
github.com/igortoigildin/go-metrics-altering/pkg/middlewares/auth/auth.go:20.55,21.21 1 0
github.com/igortoigildin/go-metrics-altering/pkg/middlewares/auth/auth.go:21.21,25.19 3 0
github.com/igortoigildin/go-metrics-altering/pkg/middlewares/auth/auth.go:25.19,29.6 3 0
github.com/igortoigildin/go-metrics-altering/pkg/middlewares/auth/auth.go:30.5,33.46 3 0
github.com/igortoigildin/go-metrics-altering/pkg/middlewares/auth/auth.go:33.46,37.6 3 0
github.com/igortoigildin/go-metrics-altering/pkg/middlewares/auth/auth.go:40.3,40.13 1 0
github.com/igortoigildin/go-metrics-altering/pkg/middlewares/auth/auth.go:45.53,50.2 4 0
github.com/igortoigildin/go-metrics-altering/pkg/middlewares/logging/logging.go:26.62,30.2 3 0
github.com/igortoigildin/go-metrics-altering/pkg/middlewares/logging/logging.go:32.61,35.2 2 0
github.com/igortoigildin/go-metrics-altering/pkg/middlewares/logging/logging.go:38.51,39.71 1 0
github.com/igortoigildin/go-metrics-altering/pkg/middlewares/logging/logging.go:39.71,58.3 6 0
github.com/igortoigildin/go-metrics-altering/pkg/middlewares/timeout/timeout.go:12.77,13.71 1 0
github.com/igortoigildin/go-metrics-altering/pkg/middlewares/timeout/timeout.go:13.71,20.13 5 0
github.com/igortoigildin/go-metrics-altering/pkg/middlewares/timeout/timeout.go:20.13,23.4 2 0
github.com/igortoigildin/go-metrics-altering/pkg/middlewares/timeout/timeout.go:25.3,25.10 1 0
github.com/igortoigildin/go-metrics-altering/pkg/middlewares/timeout/timeout.go:26.21,29.32 3 0
github.com/igortoigildin/go-metrics-altering/pkg/middlewares/timeout/timeout.go:30.22,30.22 0 0
github.com/igortoigildin/go-metrics-altering/pkg/processJSON/processJSON.go:20.69,24.2 3 0
github.com/igortoigildin/go-metrics-altering/pkg/processJSON/processJSON.go:26.47,28.16 2 0
github.com/igortoigildin/go-metrics-altering/pkg/processJSON/processJSON.go:28.16,34.10 4 0
github.com/igortoigildin/go-metrics-altering/pkg/processJSON/processJSON.go:35.37,36.94 1 0
github.com/igortoigildin/go-metrics-altering/pkg/processJSON/processJSON.go:37.44,38.56 1 0
github.com/igortoigildin/go-metrics-altering/pkg/processJSON/processJSON.go:39.44,40.38 1 0
github.com/igortoigildin/go-metrics-altering/pkg/processJSON/processJSON.go:40.38,42.5 1 0
github.com/igortoigildin/go-metrics-altering/pkg/processJSON/processJSON.go:43.4,43.94 1 0
github.com/igortoigildin/go-metrics-altering/pkg/processJSON/processJSON.go:44.31,45.47 1 0
github.com/igortoigildin/go-metrics-altering/pkg/processJSON/processJSON.go:46.11,47.14 1 0
github.com/igortoigildin/go-metrics-altering/pkg/processJSON/processJSON.go:50.2,50.12 1 0
github.com/igortoigildin/go-metrics-altering/pkg/processJSON/processJSON.go:53.89,55.16 2 0
github.com/igortoigildin/go-metrics-altering/pkg/processJSON/processJSON.go:55.16,57.3 1 0
github.com/igortoigildin/go-metrics-altering/pkg/processJSON/processJSON.go:58.2,59.34 2 0
github.com/igortoigildin/go-metrics-altering/pkg/processJSON/processJSON.go:59.34,61.3 1 0
github.com/igortoigildin/go-metrics-altering/pkg/processJSON/processJSON.go:63.2,66.12 4 0
github.com/igortoigildin/go-metrics-altering/templates/fs.go:12.41,14.16 2 0
github.com/igortoigildin/go-metrics-altering/templates/fs.go:14.16,16.3 1 0
github.com/igortoigildin/go-metrics-altering/templates/fs.go:17.2,17.10 1 0
github.com/igortoigildin/go-metrics-altering/cmd/agent/agent.go:19.13,25.16 5 0
github.com/igortoigildin/go-metrics-altering/cmd/agent/agent.go:25.16,28.3 2 0
github.com/igortoigildin/go-metrics-altering/cmd/agent/agent.go:29.2,29.60 1 0
github.com/igortoigildin/go-metrics-altering/cmd/agent/agent.go:29.60,32.3 2 0
github.com/igortoigildin/go-metrics-altering/cmd/agent/agent.go:34.2,41.12 6 0
github.com/igortoigildin/go-metrics-altering/cmd/agent/agent.go:41.12,44.3 2 0
github.com/igortoigildin/go-metrics-altering/cmd/agent/agent.go:46.2,47.12 2 0
github.com/igortoigildin/go-metrics-altering/cmd/agent/agent.go:47.12,50.3 2 0
github.com/igortoigildin/go-metrics-altering/cmd/agent/agent.go:52.2,52.42 1 0
github.com/igortoigildin/go-metrics-altering/cmd/agent/agent.go:52.42,54.13 2 0
github.com/igortoigildin/go-metrics-altering/cmd/agent/agent.go:54.13,57.4 2 0
github.com/igortoigildin/go-metrics-altering/cmd/agent/agent.go:60.2,61.12 2 0
github.com/igortoigildin/go-metrics-altering/cmd/agent/agent.go:61.12,64.3 2 0
github.com/igortoigildin/go-metrics-altering/cmd/agent/agent.go:66.2,66.11 1 0
github.com/igortoigildin/go-metrics-altering/cmd/server/main.go:21.13,29.16 6 0
github.com/igortoigildin/go-metrics-altering/cmd/server/main.go:29.16,32.3 2 0
github.com/igortoigildin/go-metrics-altering/cmd/server/main.go:34.2,34.59 1 0
github.com/igortoigildin/go-metrics-altering/cmd/server/main.go:34.59,37.3 2 0
github.com/igortoigildin/go-metrics-altering/cmd/server/main.go:39.2,46.16 6 0
github.com/igortoigildin/go-metrics-altering/cmd/server/main.go:46.16,49.3 2 0
github.com/igortoigildin/go-metrics-altering/cmd/staticlint/main.go:29.13,31.16 2 0
github.com/igortoigildin/go-metrics-altering/cmd/staticlint/main.go:31.16,33.3 1 0
github.com/igortoigildin/go-metrics-altering/cmd/staticlint/main.go:35.2,36.16 2 0
github.com/igortoigildin/go-metrics-altering/cmd/staticlint/main.go:36.16,38.3 1 0
github.com/igortoigildin/go-metrics-altering/cmd/staticlint/main.go:41.2,42.50 2 0
github.com/igortoigildin/go-metrics-altering/cmd/staticlint/main.go:42.50,44.3 1 0
github.com/igortoigildin/go-metrics-altering/cmd/staticlint/main.go:47.2,57.36 3 0
github.com/igortoigildin/go-metrics-altering/cmd/staticlint/main.go:57.36,59.3 1 0
github.com/igortoigildin/go-metrics-altering/cmd/staticlint/main.go:61.2,61.42 1 0
github.com/igortoigildin/go-metrics-altering/cmd/staticlint/main.go:61.42,62.30 1 0
github.com/igortoigildin/go-metrics-altering/cmd/staticlint/main.go:62.30,64.4 1 0
github.com/igortoigildin/go-metrics-altering/cmd/staticlint/main.go:92.2,94.3 1 0
github.com/igortoigildin/go-metrics-altering/cmd/staticlint/checker/checker.go:19.52,20.34 1 1
github.com/igortoigildin/go-metrics-altering/cmd/staticlint/checker/checker.go:20.34,21.46 1 1
github.com/igortoigildin/go-metrics-altering/cmd/staticlint/checker/checker.go:21.46,22.41 1 1
github.com/igortoigildin/go-metrics-altering/cmd/staticlint/checker/checker.go:22.41,23.47 1 0
github.com/igortoigildin/go-metrics-altering/cmd/staticlint/checker/checker.go:23.47,24.30 1 0
github.com/igortoigildin/go-metrics-altering/cmd/staticlint/checker/checker.go:24.30,26.7 1 0
github.com/igortoigildin/go-metrics-altering/cmd/staticlint/checker/checker.go:29.4,29.15 1 1
github.com/igortoigildin/go-metrics-altering/cmd/staticlint/checker/checker.go:32.2,32.17 1 1
github.com/igortoigildin/go-metrics-altering/config/agent/config.go:33.41,44.58 10 0
github.com/igortoigildin/go-metrics-altering/config/agent/config.go:44.58,46.3 1 0
github.com/igortoigildin/go-metrics-altering/config/agent/config.go:47.2,47.65 1 0
github.com/igortoigildin/go-metrics-altering/config/agent/config.go:47.65,49.17 2 0
github.com/igortoigildin/go-metrics-altering/config/agent/config.go:49.17,51.4 1 0
github.com/igortoigildin/go-metrics-altering/config/agent/config.go:53.2,53.58 1 0
github.com/igortoigildin/go-metrics-altering/config/agent/config.go:53.58,55.3 1 0
github.com/igortoigildin/go-metrics-altering/config/agent/config.go:56.2,56.80 1 0
github.com/igortoigildin/go-metrics-altering/config/agent/config.go:56.80,58.17 2 0
github.com/igortoigildin/go-metrics-altering/config/agent/config.go:58.17,60.4 1 0
github.com/igortoigildin/go-metrics-altering/config/agent/config.go:62.2,62.74 1 0
github.com/igortoigildin/go-metrics-altering/config/agent/config.go:62.74,64.17 2 0
github.com/igortoigildin/go-metrics-altering/config/agent/config.go:64.17,66.4 1 0
github.com/igortoigildin/go-metrics-altering/config/agent/config.go:68.2,68.62 1 0
github.com/igortoigildin/go-metrics-altering/config/agent/config.go:68.62,70.3 1 0
github.com/igortoigildin/go-metrics-altering/config/agent/config.go:71.2,73.17 3 0
github.com/igortoigildin/go-metrics-altering/config/server/config.go:32.42,44.58 11 0
github.com/igortoigildin/go-metrics-altering/config/server/config.go:44.58,46.3 1 0
github.com/igortoigildin/go-metrics-altering/config/server/config.go:47.2,47.62 1 0
github.com/igortoigildin/go-metrics-altering/config/server/config.go:47.62,49.3 1 0
github.com/igortoigildin/go-metrics-altering/config/server/config.go:50.2,50.54 1 0
github.com/igortoigildin/go-metrics-altering/config/server/config.go:50.54,52.3 1 0
github.com/igortoigildin/go-metrics-altering/config/server/config.go:53.2,53.81 1 0
github.com/igortoigildin/go-metrics-altering/config/server/config.go:53.81,56.17 2 0
github.com/igortoigildin/go-metrics-altering/config/server/config.go:56.17,58.4 1 0
github.com/igortoigildin/go-metrics-altering/config/server/config.go:59.3,59.28 1 0
github.com/igortoigildin/go-metrics-altering/config/server/config.go:61.2,61.72 1 0
github.com/igortoigildin/go-metrics-altering/config/server/config.go:61.72,63.3 1 0
github.com/igortoigildin/go-metrics-altering/config/server/config.go:64.2,64.59 1 0
github.com/igortoigildin/go-metrics-altering/config/server/config.go:64.59,66.3 1 0
github.com/igortoigildin/go-metrics-altering/config/server/config.go:67.2,67.66 1 0
github.com/igortoigildin/go-metrics-altering/config/server/config.go:67.66,70.17 2 0
github.com/igortoigildin/go-metrics-altering/config/server/config.go:70.17,72.4 1 0
github.com/igortoigildin/go-metrics-altering/config/server/config.go:73.3,73.22 1 0
github.com/igortoigildin/go-metrics-altering/config/server/config.go:76.2,76.21 1 0
github.com/igortoigildin/go-metrics-altering/config/server/config.go:76.21,78.3 1 0
github.com/igortoigildin/go-metrics-altering/config/server/config.go:79.2,80.17 2 0
github.com/igortoigildin/go-metrics-altering/config/server/config.go:83.42,84.27 1 0
github.com/igortoigildin/go-metrics-altering/config/server/config.go:84.27,86.3 1 0
github.com/igortoigildin/go-metrics-altering/config/server/config.go:87.2,87.28 1 0
github.com/igortoigildin/go-metrics-altering/config/server/config.go:87.28,89.3 1 0
github.com/igortoigildin/go-metrics-altering/config/server/config.go:90.2,90.29 1 0
github.com/igortoigildin/go-metrics-altering/config/server/config.go:90.29,92.3 1 0
github.com/igortoigildin/go-metrics-altering/config/server/config.go:93.2,93.13 1 0
github.com/igortoigildin/go-metrics-altering/internal/agent/agent.go:16.78,17.6 1 0
github.com/igortoigildin/go-metrics-altering/internal/agent/agent.go:17.6,20.35 2 0
github.com/igortoigildin/go-metrics-altering/internal/agent/agent.go:20.35,22.24 1 0
github.com/igortoigildin/go-metrics-altering/internal/agent/agent.go:23.26,25.19 2 0
github.com/igortoigildin/go-metrics-altering/internal/agent/agent.go:25.19,27.6 1 0
github.com/igortoigildin/go-metrics-altering/internal/agent/agent.go:28.5,29.19 2 0
github.com/igortoigildin/go-metrics-altering/internal/agent/agent.go:29.19,31.6 1 0
github.com/igortoigildin/go-metrics-altering/internal/agent/agent.go:32.26,34.19 2 0
github.com/igortoigildin/go-metrics-altering/internal/agent/agent.go:34.19,36.6 1 0
github.com/igortoigildin/go-metrics-altering/internal/agent/agent.go:37.5,38.19 2 0
github.com/igortoigildin/go-metrics-altering/internal/agent/agent.go:38.19,40.6 1 0
github.com/igortoigildin/go-metrics-altering/internal/agent/sendJSONMetric.go:28.85,31.22 2 0
github.com/igortoigildin/go-metrics-altering/internal/agent/sendJSONMetric.go:31.22,34.3 2 0
github.com/igortoigildin/go-metrics-altering/internal/agent/sendJSONMetric.go:36.2,41.16 4 0
github.com/igortoigildin/go-metrics-altering/internal/agent/sendJSONMetric.go:41.16,44.3 2 0
github.com/igortoigildin/go-metrics-altering/internal/agent/sendJSONMetric.go:47.2,47.27 1 0
github.com/igortoigildin/go-metrics-altering/internal/agent/sendJSONMetric.go:47.27,53.3 5 0
github.com/igortoigildin/go-metrics-altering/internal/agent/sendJSONMetric.go:55.2,59.16 5 0
github.com/igortoigildin/go-metrics-altering/internal/agent/sendJSONMetric.go:59.16,62.3 2 0
github.com/igortoigildin/go-metrics-altering/internal/agent/sendJSONMetric.go:63.2,64.16 2 0
github.com/igortoigildin/go-metrics-altering/internal/agent/sendJSONMetric.go:64.16,67.3 2 0
github.com/igortoigildin/go-metrics-altering/internal/agent/sendJSONMetric.go:68.2,69.16 2 0
github.com/igortoigildin/go-metrics-altering/internal/agent/sendJSONMetric.go:69.16,71.10 1 0
github.com/igortoigildin/go-metrics-altering/internal/agent/sendJSONMetric.go:72.26,73.89 1 0
github.com/igortoigildin/go-metrics-altering/internal/agent/sendJSONMetric.go:73.89,75.47 2 0
github.com/igortoigildin/go-metrics-altering/internal/agent/sendJSONMetric.go:75.47,76.11 1 0
github.com/igortoigildin/go-metrics-altering/internal/agent/sendJSONMetric.go:78.5,78.76 1 0
github.com/igortoigildin/go-metrics-altering/internal/agent/sendJSONMetric.go:80.4,80.30 1 0
github.com/igortoigildin/go-metrics-altering/internal/agent/sendJSONMetric.go:81.11,83.14 2 0
github.com/igortoigildin/go-metrics-altering/internal/agent/sendJSONMetric.go:87.2,88.12 2 0
github.com/igortoigildin/go-metrics-altering/internal/agent/sendJSONMetric.go:92.66,99.16 5 0
github.com/igortoigildin/go-metrics-altering/internal/agent/sendJSONMetric.go:99.16,102.3 2 0
github.com/igortoigildin/go-metrics-altering/internal/agent/sendJSONMetric.go:104.2,104.27 1 0
github.com/igortoigildin/go-metrics-altering/internal/agent/sendJSONMetric.go:104.27,110.3 5 0
github.com/igortoigildin/go-metrics-altering/internal/agent/sendJSONMetric.go:111.2,114.16 4 0
github.com/igortoigildin/go-metrics-altering/internal/agent/sendJSONMetric.go:114.16,117.3 2 0
github.com/igortoigildin/go-metrics-altering/internal/agent/sendJSONMetric.go:118.2,119.16 2 0
github.com/igortoigildin/go-metrics-altering/internal/agent/sendJSONMetric.go:119.16,122.3 2 0
github.com/igortoigildin/go-metrics-altering/internal/agent/sendJSONMetric.go:123.2,124.16 2 0
github.com/igortoigildin/go-metrics-altering/internal/agent/sendJSONMetric.go:124.16,126.10 1 0
github.com/igortoigildin/go-metrics-altering/internal/agent/sendJSONMetric.go:127.26,128.89 1 0
github.com/igortoigildin/go-metrics-altering/internal/agent/sendJSONMetric.go:128.89,130.47 2 0
github.com/igortoigildin/go-metrics-altering/internal/agent/sendJSONMetric.go:130.47,131.11 1 0
github.com/igortoigildin/go-metrics-altering/internal/agent/sendJSONMetric.go:133.5,133.76 1 0
github.com/igortoigildin/go-metrics-altering/internal/agent/sendJSONMetric.go:135.4,135.30 1 0
github.com/igortoigildin/go-metrics-altering/internal/agent/sendJSONMetric.go:136.11,138.14 2 0
github.com/igortoigildin/go-metrics-altering/internal/agent/sendJSONMetric.go:142.2,143.12 2 0
github.com/igortoigildin/go-metrics-altering/internal/agent/sendURLMetric.go:21.65,29.27 3 0
github.com/igortoigildin/go-metrics-altering/internal/agent/sendURLMetric.go:29.27,35.3 5 0
github.com/igortoigildin/go-metrics-altering/internal/agent/sendURLMetric.go:36.2,37.16 2 0
github.com/igortoigildin/go-metrics-altering/internal/agent/sendURLMetric.go:37.16,38.10 1 0
github.com/igortoigildin/go-metrics-altering/internal/agent/sendURLMetric.go:39.26,40.89 1 0
github.com/igortoigildin/go-metrics-altering/internal/agent/sendURLMetric.go:40.89,42.59 2 0
github.com/igortoigildin/go-metrics-altering/internal/agent/sendURLMetric.go:42.59,43.11 1 0
github.com/igortoigildin/go-metrics-altering/internal/agent/sendURLMetric.go:45.5,45.76 1 0
github.com/igortoigildin/go-metrics-altering/internal/agent/sendURLMetric.go:47.4,47.30 1 0
github.com/igortoigildin/go-metrics-altering/internal/agent/sendURLMetric.go:48.11,50.14 2 0
github.com/igortoigildin/go-metrics-altering/internal/agent/sendURLMetric.go:54.2,55.12 2 0
github.com/igortoigildin/go-metrics-altering/internal/agent/sendURLMetric.go:59.84,67.22 3 0
github.com/igortoigildin/go-metrics-altering/internal/agent/sendURLMetric.go:67.22,70.3 2 0
github.com/igortoigildin/go-metrics-altering/internal/agent/sendURLMetric.go:73.2,73.27 1 0
github.com/igortoigildin/go-metrics-altering/internal/agent/sendURLMetric.go:73.27,79.3 5 0
github.com/igortoigildin/go-metrics-altering/internal/agent/sendURLMetric.go:80.2,81.16 2 0
github.com/igortoigildin/go-metrics-altering/internal/agent/sendURLMetric.go:81.16,82.10 1 0
github.com/igortoigildin/go-metrics-altering/internal/agent/sendURLMetric.go:83.26,84.89 1 0
github.com/igortoigildin/go-metrics-altering/internal/agent/sendURLMetric.go:84.89,86.59 2 0
github.com/igortoigildin/go-metrics-altering/internal/agent/sendURLMetric.go:86.59,87.11 1 0
github.com/igortoigildin/go-metrics-altering/internal/agent/sendURLMetric.go:89.5,89.76 1 0
github.com/igortoigildin/go-metrics-altering/internal/agent/sendURLMetric.go:91.4,91.30 1 0
github.com/igortoigildin/go-metrics-altering/internal/agent/sendURLMetric.go:92.11,94.14 2 0
github.com/igortoigildin/go-metrics-altering/internal/agent/sendURLMetric.go:98.2,99.12 2 0
github.com/igortoigildin/go-metrics-altering/internal/agent/memory/memory.go:34.36,39.2 1 0
github.com/igortoigildin/go-metrics-altering/internal/agent/memory/memory.go:42.93,43.6 1 0
github.com/igortoigildin/go-metrics-altering/internal/agent/memory/memory.go:43.6,46.43 3 0
github.com/igortoigildin/go-metrics-altering/internal/agent/memory/memory.go:46.43,49.4 2 0
github.com/igortoigildin/go-metrics-altering/internal/agent/memory/memory.go:50.3,52.24 3 0
github.com/igortoigildin/go-metrics-altering/internal/agent/memory/memory.go:57.65,58.27 1 0
github.com/igortoigildin/go-metrics-altering/internal/agent/memory/memory.go:58.27,60.3 1 0
github.com/igortoigildin/go-metrics-altering/internal/agent/memory/memory.go:61.2,61.6 1 0
github.com/igortoigildin/go-metrics-altering/internal/agent/memory/memory.go:61.6,64.17 3 0
github.com/igortoigildin/go-metrics-altering/internal/agent/memory/memory.go:64.17,66.4 1 0
github.com/igortoigildin/go-metrics-altering/internal/agent/memory/memory.go:67.3,68.17 2 0
github.com/igortoigildin/go-metrics-altering/internal/agent/memory/memory.go:68.17,70.4 1 0
github.com/igortoigildin/go-metrics-altering/internal/agent/memory/memory.go:71.3,75.17 5 0
github.com/igortoigildin/go-metrics-altering/internal/agent/memory/memory.go:80.66,81.6 1 0
github.com/igortoigildin/go-metrics-altering/internal/agent/memory/memory.go:81.6,119.3 37 0
github.com/igortoigildin/go-metrics-altering/internal/models/models.go:15.46,21.2 1 0
github.com/igortoigildin/go-metrics-altering/internal/models/models.go:24.59,30.2 1 0
github.com/igortoigildin/go-metrics-altering/internal/server/api/handlers.go:24.53,25.71 1 0
github.com/igortoigildin/go-metrics-altering/internal/server/api/handlers.go:25.71,27.33 2 0
github.com/igortoigildin/go-metrics-altering/internal/server/api/handlers.go:27.33,31.4 3 0
github.com/igortoigildin/go-metrics-altering/internal/server/api/handlers.go:32.3,33.17 2 0
github.com/igortoigildin/go-metrics-altering/internal/server/api/handlers.go:33.17,36.4 2 0
github.com/igortoigildin/go-metrics-altering/internal/server/api/handlers.go:37.3,37.31 1 0
github.com/igortoigildin/go-metrics-altering/internal/server/api/handlers.go:41.56,42.71 1 0
github.com/igortoigildin/go-metrics-altering/internal/server/api/handlers.go:42.71,45.34 2 0
github.com/igortoigildin/go-metrics-altering/internal/server/api/handlers.go:45.34,49.4 3 0
github.com/igortoigildin/go-metrics-altering/internal/server/api/handlers.go:51.3,53.17 3 0
github.com/igortoigildin/go-metrics-altering/internal/server/api/handlers.go:53.17,57.4 3 0
github.com/igortoigildin/go-metrics-altering/internal/server/api/handlers.go:60.3,60.34 1 0
github.com/igortoigildin/go-metrics-altering/internal/server/api/handlers.go:60.34,61.76 1 0
github.com/igortoigildin/go-metrics-altering/internal/server/api/handlers.go:61.76,65.5 3 0
github.com/igortoigildin/go-metrics-altering/internal/server/api/handlers.go:66.4,66.24 1 0
github.com/igortoigildin/go-metrics-altering/internal/server/api/handlers.go:67.26,69.19 2 0
github.com/igortoigildin/go-metrics-altering/internal/server/api/handlers.go:69.19,73.6 3 0
github.com/igortoigildin/go-metrics-altering/internal/server/api/handlers.go:74.26,76.19 2 0
github.com/igortoigildin/go-metrics-altering/internal/server/api/handlers.go:76.19,80.6 3 0
github.com/igortoigildin/go-metrics-altering/internal/server/api/handlers.go:83.3,83.53 1 0
github.com/igortoigildin/go-metrics-altering/internal/server/api/handlers.go:87.61,88.71 1 0
github.com/igortoigildin/go-metrics-altering/internal/server/api/handlers.go:88.71,91.34 2 0
github.com/igortoigildin/go-metrics-altering/internal/server/api/handlers.go:91.34,95.4 3 0
github.com/igortoigildin/go-metrics-altering/internal/server/api/handlers.go:97.3,99.17 3 0
github.com/igortoigildin/go-metrics-altering/internal/server/api/handlers.go:99.17,103.4 3 0
github.com/igortoigildin/go-metrics-altering/internal/server/api/handlers.go:105.3,105.69 1 0
github.com/igortoigildin/go-metrics-altering/internal/server/api/handlers.go:105.69,109.4 3 0
github.com/igortoigildin/go-metrics-altering/internal/server/api/handlers.go:111.3,111.20 1 0
github.com/igortoigildin/go-metrics-altering/internal/server/api/handlers.go:112.25,114.18 2 0
github.com/igortoigildin/go-metrics-altering/internal/server/api/handlers.go:114.18,118.5 3 0
github.com/igortoigildin/go-metrics-altering/internal/server/api/handlers.go:119.25,121.18 2 0
github.com/igortoigildin/go-metrics-altering/internal/server/api/handlers.go:121.18,125.5 3 0
github.com/igortoigildin/go-metrics-altering/internal/server/api/handlers.go:128.3,135.17 3 0
github.com/igortoigildin/go-metrics-altering/internal/server/api/handlers.go:135.17,138.4 2 0
github.com/igortoigildin/go-metrics-altering/internal/server/api/handlers.go:142.62,143.71 1 0
github.com/igortoigildin/go-metrics-altering/internal/server/api/handlers.go:143.71,147.17 4 0
github.com/igortoigildin/go-metrics-altering/internal/server/api/handlers.go:147.17,151.4 3 0
github.com/igortoigildin/go-metrics-altering/internal/server/api/handlers.go:152.3,152.47 1 0
github.com/igortoigildin/go-metrics-altering/internal/server/api/handlers.go:152.47,154.4 1 0
github.com/igortoigildin/go-metrics-altering/internal/server/api/handlers.go:158.58,159.71 1 0
github.com/igortoigildin/go-metrics-altering/internal/server/api/handlers.go:159.71,162.34 2 0
github.com/igortoigildin/go-metrics-altering/internal/server/api/handlers.go:162.34,166.4 3 0
github.com/igortoigildin/go-metrics-altering/internal/server/api/handlers.go:168.3,170.17 3 0
github.com/igortoigildin/go-metrics-altering/internal/server/api/handlers.go:170.17,174.4 3 0
github.com/igortoigildin/go-metrics-altering/internal/server/api/handlers.go:176.3,176.69 1 0
github.com/igortoigildin/go-metrics-altering/internal/server/api/handlers.go:176.69,180.4 3 0
github.com/igortoigildin/go-metrics-altering/internal/server/api/handlers.go:182.3,187.20 2 0
github.com/igortoigildin/go-metrics-altering/internal/server/api/handlers.go:188.25,190.18 2 0
github.com/igortoigildin/go-metrics-altering/internal/server/api/handlers.go:190.18,191.12 1 0
github.com/igortoigildin/go-metrics-altering/internal/server/api/handlers.go:192.40,195.12 3 0
github.com/igortoigildin/go-metrics-altering/internal/server/api/handlers.go:196.13,199.12 3 0
github.com/igortoigildin/go-metrics-altering/internal/server/api/handlers.go:202.4,202.26 1 0
github.com/igortoigildin/go-metrics-altering/internal/server/api/handlers.go:203.25,205.18 2 0
github.com/igortoigildin/go-metrics-altering/internal/server/api/handlers.go:205.18,206.12 1 0
github.com/igortoigildin/go-metrics-altering/internal/server/api/handlers.go:207.40,210.12 3 0
github.com/igortoigildin/go-metrics-altering/internal/server/api/handlers.go:211.13,214.12 3 0
github.com/igortoigildin/go-metrics-altering/internal/server/api/handlers.go:217.4,217.26 1 0
github.com/igortoigildin/go-metrics-altering/internal/server/api/handlers.go:220.3,222.17 3 0
github.com/igortoigildin/go-metrics-altering/internal/server/api/handlers.go:222.17,225.4 2 0
github.com/igortoigildin/go-metrics-altering/internal/server/api/handlers.go:229.71,230.71 1 0
github.com/igortoigildin/go-metrics-altering/internal/server/api/handlers.go:230.71,235.23 3 0
github.com/igortoigildin/go-metrics-altering/internal/server/api/handlers.go:235.23,239.4 3 0
github.com/igortoigildin/go-metrics-altering/internal/server/api/handlers.go:241.3,243.21 2 0
github.com/igortoigildin/go-metrics-altering/internal/server/api/handlers.go:244.25,246.18 2 0
github.com/igortoigildin/go-metrics-altering/internal/server/api/handlers.go:246.18,251.5 3 0
github.com/igortoigildin/go-metrics-altering/internal/server/api/handlers.go:252.4,252.91 1 0
github.com/igortoigildin/go-metrics-altering/internal/server/api/handlers.go:253.25,255.18 2 0
github.com/igortoigildin/go-metrics-altering/internal/server/api/handlers.go:255.18,259.5 3 0
github.com/igortoigildin/go-metrics-altering/internal/server/api/handlers.go:260.4,260.91 1 0
github.com/igortoigildin/go-metrics-altering/internal/server/api/handlers.go:261.11,263.10 2 0
github.com/igortoigildin/go-metrics-altering/internal/server/api/handlers.go:265.3,265.62 1 0
github.com/igortoigildin/go-metrics-altering/internal/server/api/handlers.go:269.70,270.71 1 0
github.com/igortoigildin/go-metrics-altering/internal/server/api/handlers.go:270.71,275.21 3 0
github.com/igortoigildin/go-metrics-altering/internal/server/api/handlers.go:276.25,278.18 2 0
github.com/igortoigildin/go-metrics-altering/internal/server/api/handlers.go:278.18,282.5 3 0
github.com/igortoigildin/go-metrics-altering/internal/server/api/handlers.go:283.4,283.68 1 0
github.com/igortoigildin/go-metrics-altering/internal/server/api/handlers.go:284.19,287.18 3 0
github.com/igortoigildin/go-metrics-altering/internal/server/api/handlers.go:287.18,291.5 3 0
github.com/igortoigildin/go-metrics-altering/internal/server/api/handlers.go:292.11,295.10 3 0
github.com/igortoigildin/go-metrics-altering/internal/server/api/router.go:21.96,38.2 11 0
github.com/igortoigildin/go-metrics-altering/internal/server/api/mocks/Storage.go:18.107,21.19 2 0
github.com/igortoigildin/go-metrics-altering/internal/server/api/mocks/Storage.go:21.19,22.45 1 0
github.com/igortoigildin/go-metrics-altering/internal/server/api/mocks/Storage.go:25.2,27.94 3 0
github.com/igortoigildin/go-metrics-altering/internal/server/api/mocks/Storage.go:27.94,29.3 1 0
github.com/igortoigildin/go-metrics-altering/internal/server/api/mocks/Storage.go:30.2,30.85 1 0
github.com/igortoigildin/go-metrics-altering/internal/server/api/mocks/Storage.go:30.85,32.3 1 0
github.com/igortoigildin/go-metrics-altering/internal/server/api/mocks/Storage.go:32.8,34.3 1 0
github.com/igortoigildin/go-metrics-altering/internal/server/api/mocks/Storage.go:36.2,36.76 1 0
github.com/igortoigildin/go-metrics-altering/internal/server/api/mocks/Storage.go:36.76,38.3 1 0
github.com/igortoigildin/go-metrics-altering/internal/server/api/mocks/Storage.go:38.8,40.3 1 0
github.com/igortoigildin/go-metrics-altering/internal/server/api/mocks/Storage.go:42.2,42.15 1 0
github.com/igortoigildin/go-metrics-altering/internal/server/api/mocks/Storage.go:46.80,49.19 2 0
github.com/igortoigildin/go-metrics-altering/internal/server/api/mocks/Storage.go:49.19,50.48 1 0
github.com/igortoigildin/go-metrics-altering/internal/server/api/mocks/Storage.go:53.2,55.86 3 0
github.com/igortoigildin/go-metrics-altering/internal/server/api/mocks/Storage.go:55.86,57.3 1 0
github.com/igortoigildin/go-metrics-altering/internal/server/api/mocks/Storage.go:58.2,58.77 1 0
github.com/igortoigildin/go-metrics-altering/internal/server/api/mocks/Storage.go:58.77,60.3 1 0
github.com/igortoigildin/go-metrics-altering/internal/server/api/mocks/Storage.go:60.8,61.24 1 0
github.com/igortoigildin/go-metrics-altering/internal/server/api/mocks/Storage.go:61.24,63.4 1 0
github.com/igortoigildin/go-metrics-altering/internal/server/api/mocks/Storage.go:66.2,66.60 1 0
github.com/igortoigildin/go-metrics-altering/internal/server/api/mocks/Storage.go:66.60,68.3 1 0
github.com/igortoigildin/go-metrics-altering/internal/server/api/mocks/Storage.go:68.8,70.3 1 0
github.com/igortoigildin/go-metrics-altering/internal/server/api/mocks/Storage.go:72.2,72.15 1 0
github.com/igortoigildin/go-metrics-altering/internal/server/api/mocks/Storage.go:76.52,79.19 2 0
github.com/igortoigildin/go-metrics-altering/internal/server/api/mocks/Storage.go:79.19,80.46 1 0
github.com/igortoigildin/go-metrics-altering/internal/server/api/mocks/Storage.go:83.2,84.60 2 0
github.com/igortoigildin/go-metrics-altering/internal/server/api/mocks/Storage.go:84.60,86.3 1 0
github.com/igortoigildin/go-metrics-altering/internal/server/api/mocks/Storage.go:86.8,88.3 1 0
github.com/igortoigildin/go-metrics-altering/internal/server/api/mocks/Storage.go:90.2,90.11 1 0
github.com/igortoigildin/go-metrics-altering/internal/server/api/mocks/Storage.go:94.117,97.19 2 0
github.com/igortoigildin/go-metrics-altering/internal/server/api/mocks/Storage.go:97.19,98.48 1 0
github.com/igortoigildin/go-metrics-altering/internal/server/api/mocks/Storage.go:101.2,102.89 2 0
github.com/igortoigildin/go-metrics-altering/internal/server/api/mocks/Storage.go:102.89,104.3 1 0
github.com/igortoigildin/go-metrics-altering/internal/server/api/mocks/Storage.go:104.8,106.3 1 0
github.com/igortoigildin/go-metrics-altering/internal/server/api/mocks/Storage.go:108.2,108.11 1 0
github.com/igortoigildin/go-metrics-altering/internal/server/api/mocks/Storage.go:116.13,120.19 3 0
github.com/igortoigildin/go-metrics-altering/internal/server/api/mocks/Storage.go:120.19,120.49 1 0
github.com/igortoigildin/go-metrics-altering/internal/server/api/mocks/Storage.go:122.2,122.13 1 0
github.com/igortoigildin/go-metrics-altering/internal/storage/storage.go:21.44,22.25 1 0
github.com/igortoigildin/go-metrics-altering/internal/storage/storage.go:22.25,25.3 2 0
github.com/igortoigildin/go-metrics-altering/internal/storage/storage.go:27.2,29.21 2 0
github.com/igortoigildin/go-metrics-altering/internal/storage/storage.go:29.21,31.17 2 0
github.com/igortoigildin/go-metrics-altering/internal/storage/storage.go:31.17,33.4 1 0
github.com/igortoigildin/go-metrics-altering/internal/storage/storage.go:36.2,36.29 1 0
github.com/igortoigildin/go-metrics-altering/internal/storage/storage.go:36.29,38.3 1 0
github.com/igortoigildin/go-metrics-altering/internal/storage/storage.go:40.2,40.15 1 0
github.com/igortoigildin/go-metrics-altering/internal/storage/inmemory/local.go:27.26,32.2 1 0
github.com/igortoigildin/go-metrics-altering/internal/storage/inmemory/local.go:34.57,35.36 1 0
github.com/igortoigildin/go-metrics-altering/internal/storage/inmemory/local.go:35.36,40.3 2 0
github.com/igortoigildin/go-metrics-altering/internal/storage/inmemory/local.go:40.8,45.3 2 0
github.com/igortoigildin/go-metrics-altering/internal/storage/inmemory/local.go:48.113,55.16 5 0
github.com/igortoigildin/go-metrics-altering/internal/storage/inmemory/local.go:55.16,58.3 2 0
github.com/igortoigildin/go-metrics-altering/internal/storage/inmemory/local.go:59.2,59.12 1 0
github.com/igortoigildin/go-metrics-altering/internal/storage/inmemory/local.go:62.111,69.16 5 0
github.com/igortoigildin/go-metrics-altering/internal/storage/inmemory/local.go:69.16,72.3 2 0
github.com/igortoigildin/go-metrics-altering/internal/storage/inmemory/local.go:73.2,73.20 1 0
github.com/igortoigildin/go-metrics-altering/internal/storage/inmemory/local.go:76.76,83.2 4 0
github.com/igortoigildin/go-metrics-altering/internal/storage/inmemory/local.go:86.64,88.16 2 0
github.com/igortoigildin/go-metrics-altering/internal/storage/inmemory/local.go:88.16,90.3 1 0
github.com/igortoigildin/go-metrics-altering/internal/storage/inmemory/local.go:91.2,92.59 2 0
github.com/igortoigildin/go-metrics-altering/internal/storage/inmemory/local.go:92.59,94.3 1 0
github.com/igortoigildin/go-metrics-altering/internal/storage/inmemory/local.go:96.2,99.32 3 0
github.com/igortoigildin/go-metrics-altering/internal/storage/inmemory/local.go:99.32,100.25 1 0
github.com/igortoigildin/go-metrics-altering/internal/storage/inmemory/local.go:100.25,102.4 1 0
github.com/igortoigildin/go-metrics-altering/internal/storage/inmemory/local.go:102.9,102.34 1 0
github.com/igortoigildin/go-metrics-altering/internal/storage/inmemory/local.go:102.34,104.4 1 0
github.com/igortoigildin/go-metrics-altering/internal/storage/inmemory/local.go:106.2,106.12 1 0
github.com/igortoigildin/go-metrics-altering/internal/storage/inmemory/local.go:109.56,110.20 1 0
github.com/igortoigildin/go-metrics-altering/internal/storage/inmemory/local.go:110.20,113.3 2 0
github.com/igortoigildin/go-metrics-altering/internal/storage/inmemory/local.go:115.2,115.22 1 0
github.com/igortoigildin/go-metrics-altering/internal/storage/inmemory/local.go:115.22,118.3 2 0
github.com/igortoigildin/go-metrics-altering/internal/storage/inmemory/local.go:119.2,119.12 1 0
github.com/igortoigildin/go-metrics-altering/internal/storage/inmemory/local.go:123.110,125.6 1 0
github.com/igortoigildin/go-metrics-altering/internal/storage/inmemory/local.go:125.6,130.31 3 0
github.com/igortoigildin/go-metrics-altering/internal/storage/inmemory/local.go:130.31,132.34 2 0
github.com/igortoigildin/go-metrics-altering/internal/storage/inmemory/local.go:132.34,137.13 5 0
github.com/igortoigildin/go-metrics-altering/internal/storage/inmemory/local.go:139.4,139.32 1 0
github.com/igortoigildin/go-metrics-altering/internal/storage/inmemory/local.go:139.32,144.5 4 0
github.com/igortoigildin/go-metrics-altering/internal/storage/inmemory/local.go:147.3,148.17 2 0
github.com/igortoigildin/go-metrics-altering/internal/storage/inmemory/local.go:148.17,151.4 2 0
github.com/igortoigildin/go-metrics-altering/internal/storage/inmemory/local.go:153.3,154.17 2 0
github.com/igortoigildin/go-metrics-altering/internal/storage/inmemory/local.go:154.17,157.4 2 0
github.com/igortoigildin/go-metrics-altering/internal/storage/inmemory/setMetricAlgo.go:19.91,20.22 1 0
github.com/igortoigildin/go-metrics-altering/internal/storage/inmemory/setMetricAlgo.go:20.22,22.3 1 0
github.com/igortoigildin/go-metrics-altering/internal/storage/inmemory/setMetricAlgo.go:23.2,27.12 5 0
github.com/igortoigildin/go-metrics-altering/internal/storage/inmemory/setMetricAlgo.go:30.89,40.2 7 0
github.com/igortoigildin/go-metrics-altering/internal/storage/inmemory/setMetricAlgo.go:47.89,48.20 1 0
github.com/igortoigildin/go-metrics-altering/internal/storage/inmemory/setMetricAlgo.go:48.20,50.3 1 0
github.com/igortoigildin/go-metrics-altering/internal/storage/inmemory/setMetricAlgo.go:51.2,55.12 5 0
github.com/igortoigildin/go-metrics-altering/internal/storage/inmemory/setMetricAlgo.go:57.87,67.2 7 0
github.com/igortoigildin/go-metrics-altering/internal/storage/postgres/postgres.go:25.44,29.2 1 0
github.com/igortoigildin/go-metrics-altering/internal/storage/postgres/postgres.go:31.53,32.36 1 0
github.com/igortoigildin/go-metrics-altering/internal/storage/postgres/postgres.go:32.36,37.3 2 0
github.com/igortoigildin/go-metrics-altering/internal/storage/postgres/postgres.go:37.8,42.3 2 0
github.com/igortoigildin/go-metrics-altering/internal/storage/postgres/postgres.go:45.47,48.16 3 0
github.com/igortoigildin/go-metrics-altering/internal/storage/postgres/postgres.go:48.16,50.3 1 0
github.com/igortoigildin/go-metrics-altering/internal/storage/postgres/postgres.go:51.2,54.16 3 0
github.com/igortoigildin/go-metrics-altering/internal/storage/postgres/postgres.go:54.16,56.3 1 0
github.com/igortoigildin/go-metrics-altering/internal/storage/postgres/postgres.go:57.2,59.16 2 0
github.com/igortoigildin/go-metrics-altering/internal/storage/postgres/postgres.go:59.16,61.3 1 0
github.com/igortoigildin/go-metrics-altering/internal/storage/postgres/postgres.go:62.2,62.12 1 0
github.com/igortoigildin/go-metrics-altering/internal/storage/postgres/postgres.go:65.54,67.16 2 0
github.com/igortoigildin/go-metrics-altering/internal/storage/postgres/postgres.go:67.16,69.3 1 0
github.com/igortoigildin/go-metrics-altering/internal/storage/postgres/postgres.go:70.2,70.12 1 0
github.com/igortoigildin/go-metrics-altering/internal/storage/postgres/postgres.go:73.111,76.2 2 0
github.com/igortoigildin/go-metrics-altering/internal/storage/postgres/postgres.go:78.109,81.2 2 0
github.com/igortoigildin/go-metrics-altering/internal/storage/postgres/postgres.go:83.74,86.16 3 0
github.com/igortoigildin/go-metrics-altering/internal/storage/postgres/postgres.go:86.16,88.3 1 0
github.com/igortoigildin/go-metrics-altering/internal/storage/postgres/postgres.go:89.2,90.18 2 0
github.com/igortoigildin/go-metrics-altering/internal/storage/postgres/postgres.go:90.18,94.17 4 0
github.com/igortoigildin/go-metrics-altering/internal/storage/postgres/postgres.go:94.17,96.4 1 0
github.com/igortoigildin/go-metrics-altering/internal/storage/postgres/postgres.go:97.3,97.24 1 0
github.com/igortoigildin/go-metrics-altering/internal/storage/postgres/postgres.go:99.2,100.16 2 0
github.com/igortoigildin/go-metrics-altering/internal/storage/postgres/postgres.go:100.16,102.3 1 0
github.com/igortoigildin/go-metrics-altering/internal/storage/postgres/postgres.go:103.2,104.16 2 0
github.com/igortoigildin/go-metrics-altering/internal/storage/postgres/postgres.go:104.16,106.3 1 0
github.com/igortoigildin/go-metrics-altering/internal/storage/postgres/postgres.go:107.2,108.18 2 0
github.com/igortoigildin/go-metrics-altering/internal/storage/postgres/postgres.go:108.18,112.17 4 0
github.com/igortoigildin/go-metrics-altering/internal/storage/postgres/postgres.go:112.17,114.4 1 0
github.com/igortoigildin/go-metrics-altering/internal/storage/postgres/postgres.go:115.3,115.24 1 0
github.com/igortoigildin/go-metrics-altering/internal/storage/postgres/postgres.go:117.2,118.16 2 0
github.com/igortoigildin/go-metrics-altering/internal/storage/postgres/postgres.go:118.16,120.3 1 0
github.com/igortoigildin/go-metrics-altering/internal/storage/postgres/postgres.go:121.2,121.21 1 0
github.com/igortoigildin/go-metrics-altering/internal/storage/postgres/strategy.go:22.106,25.16 2 0
github.com/igortoigildin/go-metrics-altering/internal/storage/postgres/strategy.go:25.16,28.3 2 0
github.com/igortoigildin/go-metrics-altering/internal/storage/postgres/strategy.go:29.2,29.12 1 0
github.com/igortoigildin/go-metrics-altering/internal/storage/postgres/strategy.go:32.104,36.9 3 0
github.com/igortoigildin/go-metrics-altering/internal/storage/postgres/strategy.go:37.37,39.21 2 0
github.com/igortoigildin/go-metrics-altering/internal/storage/postgres/strategy.go:40.18,42.21 2 0
github.com/igortoigildin/go-metrics-altering/internal/storage/postgres/strategy.go:44.2,44.20 1 0
github.com/igortoigildin/go-metrics-altering/internal/storage/postgres/strategy.go:51.106,54.16 2 0
github.com/igortoigildin/go-metrics-altering/internal/storage/postgres/strategy.go:54.16,57.3 2 0
github.com/igortoigildin/go-metrics-altering/internal/storage/postgres/strategy.go:58.2,58.12 1 0
github.com/igortoigildin/go-metrics-altering/internal/storage/postgres/strategy.go:61.104,65.9 3 0
github.com/igortoigildin/go-metrics-altering/internal/storage/postgres/strategy.go:66.37,68.21 2 0
github.com/igortoigildin/go-metrics-altering/internal/storage/postgres/strategy.go:69.18,71.21 2 0
github.com/igortoigildin/go-metrics-altering/internal/storage/postgres/strategy.go:73.2,73.20 1 0
github.com/igortoigildin/go-metrics-altering/pkg/logger/logger.go:7.37,9.16 2 0
github.com/igortoigildin/go-metrics-altering/pkg/logger/logger.go:9.16,11.3 1 0
github.com/igortoigildin/go-metrics-altering/pkg/logger/logger.go:12.2,15.16 4 0
github.com/igortoigildin/go-metrics-altering/pkg/logger/logger.go:15.16,17.3 1 0
github.com/igortoigildin/go-metrics-altering/pkg/logger/logger.go:18.2,19.12 2 0
github.com/igortoigildin/go-metrics-altering/pkg/middlewares/auth/auth.go:17.77,18.71 1 0
github.com/igortoigildin/go-metrics-altering/pkg/middlewares/auth/auth.go:18.71,20.55 2 0
github.com/igortoigildin/go-metrics-altering/pkg/middlewares/auth/auth.go:20.55,21.21 1 0
github.com/igortoigildin/go-metrics-altering/pkg/middlewares/auth/auth.go:21.21,25.19 3 0
github.com/igortoigildin/go-metrics-altering/pkg/middlewares/auth/auth.go:25.19,29.6 3 0
github.com/igortoigildin/go-metrics-altering/pkg/middlewares/auth/auth.go:30.5,33.46 3 0
github.com/igortoigildin/go-metrics-altering/pkg/middlewares/auth/auth.go:33.46,37.6 3 0
github.com/igortoigildin/go-metrics-altering/pkg/middlewares/auth/auth.go:40.3,40.13 1 0
github.com/igortoigildin/go-metrics-altering/pkg/middlewares/auth/auth.go:45.53,50.2 4 0
github.com/igortoigildin/go-metrics-altering/pkg/middlewares/compress/compress.go:16.63,21.2 1 0
github.com/igortoigildin/go-metrics-altering/pkg/middlewares/compress/compress.go:23.47,25.2 1 0
github.com/igortoigildin/go-metrics-altering/pkg/middlewares/compress/compress.go:27.55,29.2 1 0
github.com/igortoigildin/go-metrics-altering/pkg/middlewares/compress/compress.go:31.54,32.22 1 0
github.com/igortoigildin/go-metrics-altering/pkg/middlewares/compress/compress.go:32.22,34.3 1 0
github.com/igortoigildin/go-metrics-altering/pkg/middlewares/compress/compress.go:35.2,35.29 1 0
github.com/igortoigildin/go-metrics-altering/pkg/middlewares/compress/compress.go:38.40,40.2 1 0
github.com/igortoigildin/go-metrics-altering/pkg/middlewares/compress/compress.go:47.66,49.16 2 0
github.com/igortoigildin/go-metrics-altering/pkg/middlewares/compress/compress.go:49.16,51.3 1 0
github.com/igortoigildin/go-metrics-altering/pkg/middlewares/compress/compress.go:52.2,55.8 1 0
github.com/igortoigildin/go-metrics-altering/pkg/middlewares/compress/compress.go:58.59,60.2 1 0
github.com/igortoigildin/go-metrics-altering/pkg/middlewares/compress/compress.go:62.40,63.36 1 0
github.com/igortoigildin/go-metrics-altering/pkg/middlewares/compress/compress.go:63.36,65.3 1 0
github.com/igortoigildin/go-metrics-altering/pkg/middlewares/compress/compress.go:66.2,66.21 1 0
github.com/igortoigildin/go-metrics-altering/pkg/middlewares/compress/compress.go:69.58,70.54 1 0
github.com/igortoigildin/go-metrics-altering/pkg/middlewares/compress/compress.go:70.54,74.19 4 0
github.com/igortoigildin/go-metrics-altering/pkg/middlewares/compress/compress.go:74.19,78.4 3 0
github.com/igortoigildin/go-metrics-altering/pkg/middlewares/compress/compress.go:79.3,81.16 3 0
github.com/igortoigildin/go-metrics-altering/pkg/middlewares/compress/compress.go:81.16,83.18 2 0
github.com/igortoigildin/go-metrics-altering/pkg/middlewares/compress/compress.go:83.18,86.5 2 0
github.com/igortoigildin/go-metrics-altering/pkg/middlewares/compress/compress.go:87.4,88.20 2 0
github.com/igortoigildin/go-metrics-altering/pkg/middlewares/compress/compress.go:90.3,90.21 1 0
github.com/igortoigildin/go-metrics-altering/pkg/middlewares/logging/logging.go:26.62,30.2 3 0
github.com/igortoigildin/go-metrics-altering/pkg/middlewares/logging/logging.go:32.61,35.2 2 0
github.com/igortoigildin/go-metrics-altering/pkg/middlewares/logging/logging.go:38.51,39.71 1 0
github.com/igortoigildin/go-metrics-altering/pkg/middlewares/logging/logging.go:39.71,58.3 6 0
github.com/igortoigildin/go-metrics-altering/pkg/middlewares/timeout/timeout.go:12.77,13.71 1 0
github.com/igortoigildin/go-metrics-altering/pkg/middlewares/timeout/timeout.go:13.71,20.13 5 0
github.com/igortoigildin/go-metrics-altering/pkg/middlewares/timeout/timeout.go:20.13,23.4 2 0
github.com/igortoigildin/go-metrics-altering/pkg/middlewares/timeout/timeout.go:25.3,25.10 1 0
github.com/igortoigildin/go-metrics-altering/pkg/middlewares/timeout/timeout.go:26.21,29.32 3 0
github.com/igortoigildin/go-metrics-altering/pkg/middlewares/timeout/timeout.go:30.22,30.22 0 0
github.com/igortoigildin/go-metrics-altering/pkg/processJSON/processJSON.go:20.69,24.2 3 0
github.com/igortoigildin/go-metrics-altering/pkg/processJSON/processJSON.go:26.47,28.16 2 0
github.com/igortoigildin/go-metrics-altering/pkg/processJSON/processJSON.go:28.16,34.10 4 0
github.com/igortoigildin/go-metrics-altering/pkg/processJSON/processJSON.go:35.37,36.94 1 0
github.com/igortoigildin/go-metrics-altering/pkg/processJSON/processJSON.go:37.44,38.56 1 0
github.com/igortoigildin/go-metrics-altering/pkg/processJSON/processJSON.go:39.44,40.38 1 0
github.com/igortoigildin/go-metrics-altering/pkg/processJSON/processJSON.go:40.38,42.5 1 0
github.com/igortoigildin/go-metrics-altering/pkg/processJSON/processJSON.go:43.4,43.94 1 0
github.com/igortoigildin/go-metrics-altering/pkg/processJSON/processJSON.go:44.31,45.47 1 0
github.com/igortoigildin/go-metrics-altering/pkg/processJSON/processJSON.go:46.11,47.14 1 0
github.com/igortoigildin/go-metrics-altering/pkg/processJSON/processJSON.go:50.2,50.12 1 0
github.com/igortoigildin/go-metrics-altering/pkg/processJSON/processJSON.go:53.89,55.16 2 0
github.com/igortoigildin/go-metrics-altering/pkg/processJSON/processJSON.go:55.16,57.3 1 0
github.com/igortoigildin/go-metrics-altering/pkg/processJSON/processJSON.go:58.2,59.34 2 0
github.com/igortoigildin/go-metrics-altering/pkg/processJSON/processJSON.go:59.34,61.3 1 0
github.com/igortoigildin/go-metrics-altering/pkg/processJSON/processJSON.go:63.2,66.12 4 0
github.com/igortoigildin/go-metrics-altering/pkg/processMap/processMap.go:4.90,6.22 2 0
github.com/igortoigildin/go-metrics-altering/pkg/processMap/processMap.go:6.22,8.3 1 0
github.com/igortoigildin/go-metrics-altering/pkg/processMap/processMap.go:9.2,9.22 1 0
github.com/igortoigildin/go-metrics-altering/pkg/processMap/processMap.go:9.22,11.3 1 0
github.com/igortoigildin/go-metrics-altering/pkg/processMap/processMap.go:12.2,12.10 1 0
github.com/igortoigildin/go-metrics-altering/templates/fs.go:12.41,14.16 2 0
github.com/igortoigildin/go-metrics-altering/templates/fs.go:14.16,16.3 1 0
github.com/igortoigildin/go-metrics-altering/templates/fs.go:17.2,17.10 1 0
github.com/igortoigildin/go-metrics-altering/cmd/agent/agent.go:19.13,25.16 5 0
github.com/igortoigildin/go-metrics-altering/cmd/agent/agent.go:25.16,28.3 2 0
github.com/igortoigildin/go-metrics-altering/cmd/agent/agent.go:29.2,29.60 1 0
github.com/igortoigildin/go-metrics-altering/cmd/agent/agent.go:29.60,32.3 2 0
github.com/igortoigildin/go-metrics-altering/cmd/agent/agent.go:34.2,41.12 6 0
github.com/igortoigildin/go-metrics-altering/cmd/agent/agent.go:41.12,44.3 2 0
github.com/igortoigildin/go-metrics-altering/cmd/agent/agent.go:46.2,47.12 2 0
github.com/igortoigildin/go-metrics-altering/cmd/agent/agent.go:47.12,50.3 2 0
github.com/igortoigildin/go-metrics-altering/cmd/agent/agent.go:52.2,52.42 1 0
github.com/igortoigildin/go-metrics-altering/cmd/agent/agent.go:52.42,54.13 2 0
github.com/igortoigildin/go-metrics-altering/cmd/agent/agent.go:54.13,57.4 2 0
github.com/igortoigildin/go-metrics-altering/cmd/agent/agent.go:60.2,61.12 2 0
github.com/igortoigildin/go-metrics-altering/cmd/agent/agent.go:61.12,64.3 2 0
github.com/igortoigildin/go-metrics-altering/cmd/agent/agent.go:66.2,66.11 1 0
github.com/igortoigildin/go-metrics-altering/cmd/server/main.go:21.13,29.16 6 0
github.com/igortoigildin/go-metrics-altering/cmd/server/main.go:29.16,32.3 2 0
github.com/igortoigildin/go-metrics-altering/cmd/server/main.go:34.2,34.59 1 0
github.com/igortoigildin/go-metrics-altering/cmd/server/main.go:34.59,37.3 2 0
github.com/igortoigildin/go-metrics-altering/cmd/server/main.go:39.2,46.16 6 0
github.com/igortoigildin/go-metrics-altering/cmd/server/main.go:46.16,49.3 2 0
github.com/igortoigildin/go-metrics-altering/cmd/staticlint/main.go:29.13,31.16 2 0
github.com/igortoigildin/go-metrics-altering/cmd/staticlint/main.go:31.16,33.3 1 0
github.com/igortoigildin/go-metrics-altering/cmd/staticlint/main.go:35.2,36.16 2 0
github.com/igortoigildin/go-metrics-altering/cmd/staticlint/main.go:36.16,38.3 1 0
github.com/igortoigildin/go-metrics-altering/cmd/staticlint/main.go:41.2,42.50 2 0
github.com/igortoigildin/go-metrics-altering/cmd/staticlint/main.go:42.50,44.3 1 0
github.com/igortoigildin/go-metrics-altering/cmd/staticlint/main.go:47.2,57.36 3 0
github.com/igortoigildin/go-metrics-altering/cmd/staticlint/main.go:57.36,59.3 1 0
github.com/igortoigildin/go-metrics-altering/cmd/staticlint/main.go:61.2,61.42 1 0
github.com/igortoigildin/go-metrics-altering/cmd/staticlint/main.go:61.42,62.30 1 0
github.com/igortoigildin/go-metrics-altering/cmd/staticlint/main.go:62.30,64.4 1 0
github.com/igortoigildin/go-metrics-altering/cmd/staticlint/main.go:92.2,94.3 1 0
github.com/igortoigildin/go-metrics-altering/cmd/staticlint/checker/checker.go:19.52,20.34 1 0
github.com/igortoigildin/go-metrics-altering/cmd/staticlint/checker/checker.go:20.34,21.46 1 0
github.com/igortoigildin/go-metrics-altering/cmd/staticlint/checker/checker.go:21.46,22.41 1 0
github.com/igortoigildin/go-metrics-altering/cmd/staticlint/checker/checker.go:22.41,23.47 1 0
github.com/igortoigildin/go-metrics-altering/cmd/staticlint/checker/checker.go:23.47,24.30 1 0
github.com/igortoigildin/go-metrics-altering/cmd/staticlint/checker/checker.go:24.30,26.7 1 0
github.com/igortoigildin/go-metrics-altering/cmd/staticlint/checker/checker.go:29.4,29.15 1 0
github.com/igortoigildin/go-metrics-altering/cmd/staticlint/checker/checker.go:32.2,32.17 1 0
github.com/igortoigildin/go-metrics-altering/config/agent/config.go:33.41,44.58 10 0
github.com/igortoigildin/go-metrics-altering/config/agent/config.go:44.58,46.3 1 0
github.com/igortoigildin/go-metrics-altering/config/agent/config.go:47.2,47.65 1 0
github.com/igortoigildin/go-metrics-altering/config/agent/config.go:47.65,49.17 2 0
github.com/igortoigildin/go-metrics-altering/config/agent/config.go:49.17,51.4 1 0
github.com/igortoigildin/go-metrics-altering/config/agent/config.go:53.2,53.58 1 0
github.com/igortoigildin/go-metrics-altering/config/agent/config.go:53.58,55.3 1 0
github.com/igortoigildin/go-metrics-altering/config/agent/config.go:56.2,56.80 1 0
github.com/igortoigildin/go-metrics-altering/config/agent/config.go:56.80,58.17 2 0
github.com/igortoigildin/go-metrics-altering/config/agent/config.go:58.17,60.4 1 0
github.com/igortoigildin/go-metrics-altering/config/agent/config.go:62.2,62.74 1 0
github.com/igortoigildin/go-metrics-altering/config/agent/config.go:62.74,64.17 2 0
github.com/igortoigildin/go-metrics-altering/config/agent/config.go:64.17,66.4 1 0
github.com/igortoigildin/go-metrics-altering/config/agent/config.go:68.2,68.62 1 0
github.com/igortoigildin/go-metrics-altering/config/agent/config.go:68.62,70.3 1 0
github.com/igortoigildin/go-metrics-altering/config/agent/config.go:71.2,73.17 3 0
github.com/igortoigildin/go-metrics-altering/config/server/config.go:32.42,44.58 11 0
github.com/igortoigildin/go-metrics-altering/config/server/config.go:44.58,46.3 1 0
github.com/igortoigildin/go-metrics-altering/config/server/config.go:47.2,47.62 1 0
github.com/igortoigildin/go-metrics-altering/config/server/config.go:47.62,49.3 1 0
github.com/igortoigildin/go-metrics-altering/config/server/config.go:50.2,50.54 1 0
github.com/igortoigildin/go-metrics-altering/config/server/config.go:50.54,52.3 1 0
github.com/igortoigildin/go-metrics-altering/config/server/config.go:53.2,53.81 1 0
github.com/igortoigildin/go-metrics-altering/config/server/config.go:53.81,56.17 2 0
github.com/igortoigildin/go-metrics-altering/config/server/config.go:56.17,58.4 1 0
github.com/igortoigildin/go-metrics-altering/config/server/config.go:59.3,59.28 1 0
github.com/igortoigildin/go-metrics-altering/config/server/config.go:61.2,61.72 1 0
github.com/igortoigildin/go-metrics-altering/config/server/config.go:61.72,63.3 1 0
github.com/igortoigildin/go-metrics-altering/config/server/config.go:64.2,64.59 1 0
github.com/igortoigildin/go-metrics-altering/config/server/config.go:64.59,66.3 1 0
github.com/igortoigildin/go-metrics-altering/config/server/config.go:67.2,67.66 1 0
github.com/igortoigildin/go-metrics-altering/config/server/config.go:67.66,70.17 2 0
github.com/igortoigildin/go-metrics-altering/config/server/config.go:70.17,72.4 1 0
github.com/igortoigildin/go-metrics-altering/config/server/config.go:73.3,73.22 1 0
github.com/igortoigildin/go-metrics-altering/config/server/config.go:76.2,76.21 1 0
github.com/igortoigildin/go-metrics-altering/config/server/config.go:76.21,78.3 1 0
github.com/igortoigildin/go-metrics-altering/config/server/config.go:79.2,80.17 2 0
github.com/igortoigildin/go-metrics-altering/config/server/config.go:83.42,84.27 1 0
github.com/igortoigildin/go-metrics-altering/config/server/config.go:84.27,86.3 1 0
github.com/igortoigildin/go-metrics-altering/config/server/config.go:87.2,87.28 1 0
github.com/igortoigildin/go-metrics-altering/config/server/config.go:87.28,89.3 1 0
github.com/igortoigildin/go-metrics-altering/config/server/config.go:90.2,90.29 1 0
github.com/igortoigildin/go-metrics-altering/config/server/config.go:90.29,92.3 1 0
github.com/igortoigildin/go-metrics-altering/config/server/config.go:93.2,93.13 1 0
github.com/igortoigildin/go-metrics-altering/internal/agent/agent.go:16.78,17.6 1 0
github.com/igortoigildin/go-metrics-altering/internal/agent/agent.go:17.6,20.35 2 0
github.com/igortoigildin/go-metrics-altering/internal/agent/agent.go:20.35,22.24 1 0
github.com/igortoigildin/go-metrics-altering/internal/agent/agent.go:23.26,25.19 2 0
github.com/igortoigildin/go-metrics-altering/internal/agent/agent.go:25.19,27.6 1 0
github.com/igortoigildin/go-metrics-altering/internal/agent/agent.go:28.5,29.19 2 0
github.com/igortoigildin/go-metrics-altering/internal/agent/agent.go:29.19,31.6 1 0
github.com/igortoigildin/go-metrics-altering/internal/agent/agent.go:32.26,34.19 2 0
github.com/igortoigildin/go-metrics-altering/internal/agent/agent.go:34.19,36.6 1 0
github.com/igortoigildin/go-metrics-altering/internal/agent/agent.go:37.5,38.19 2 0
github.com/igortoigildin/go-metrics-altering/internal/agent/agent.go:38.19,40.6 1 0
github.com/igortoigildin/go-metrics-altering/internal/agent/sendJSONMetric.go:28.85,31.22 2 1
github.com/igortoigildin/go-metrics-altering/internal/agent/sendJSONMetric.go:31.22,34.3 2 1
github.com/igortoigildin/go-metrics-altering/internal/agent/sendJSONMetric.go:36.2,41.16 4 1
github.com/igortoigildin/go-metrics-altering/internal/agent/sendJSONMetric.go:41.16,44.3 2 0
github.com/igortoigildin/go-metrics-altering/internal/agent/sendJSONMetric.go:47.2,47.27 1 1
github.com/igortoigildin/go-metrics-altering/internal/agent/sendJSONMetric.go:47.27,53.3 5 0
github.com/igortoigildin/go-metrics-altering/internal/agent/sendJSONMetric.go:55.2,59.16 5 1
github.com/igortoigildin/go-metrics-altering/internal/agent/sendJSONMetric.go:59.16,62.3 2 0
github.com/igortoigildin/go-metrics-altering/internal/agent/sendJSONMetric.go:63.2,64.16 2 1
github.com/igortoigildin/go-metrics-altering/internal/agent/sendJSONMetric.go:64.16,67.3 2 0
github.com/igortoigildin/go-metrics-altering/internal/agent/sendJSONMetric.go:68.2,69.16 2 1
github.com/igortoigildin/go-metrics-altering/internal/agent/sendJSONMetric.go:69.16,71.10 1 0
github.com/igortoigildin/go-metrics-altering/internal/agent/sendJSONMetric.go:72.26,73.89 1 0
github.com/igortoigildin/go-metrics-altering/internal/agent/sendJSONMetric.go:73.89,75.47 2 0
github.com/igortoigildin/go-metrics-altering/internal/agent/sendJSONMetric.go:75.47,76.11 1 0
github.com/igortoigildin/go-metrics-altering/internal/agent/sendJSONMetric.go:78.5,78.76 1 0
github.com/igortoigildin/go-metrics-altering/internal/agent/sendJSONMetric.go:80.4,80.30 1 0
github.com/igortoigildin/go-metrics-altering/internal/agent/sendJSONMetric.go:81.11,83.14 2 0
github.com/igortoigildin/go-metrics-altering/internal/agent/sendJSONMetric.go:87.2,88.12 2 1
github.com/igortoigildin/go-metrics-altering/internal/agent/sendJSONMetric.go:92.66,99.16 5 1
github.com/igortoigildin/go-metrics-altering/internal/agent/sendJSONMetric.go:99.16,102.3 2 0
github.com/igortoigildin/go-metrics-altering/internal/agent/sendJSONMetric.go:104.2,104.27 1 1
github.com/igortoigildin/go-metrics-altering/internal/agent/sendJSONMetric.go:104.27,110.3 5 0
github.com/igortoigildin/go-metrics-altering/internal/agent/sendJSONMetric.go:111.2,114.16 4 1
github.com/igortoigildin/go-metrics-altering/internal/agent/sendJSONMetric.go:114.16,117.3 2 0
github.com/igortoigildin/go-metrics-altering/internal/agent/sendJSONMetric.go:118.2,119.16 2 1
github.com/igortoigildin/go-metrics-altering/internal/agent/sendJSONMetric.go:119.16,122.3 2 0
github.com/igortoigildin/go-metrics-altering/internal/agent/sendJSONMetric.go:123.2,124.16 2 1
github.com/igortoigildin/go-metrics-altering/internal/agent/sendJSONMetric.go:124.16,126.10 1 0
github.com/igortoigildin/go-metrics-altering/internal/agent/sendJSONMetric.go:127.26,128.89 1 0
github.com/igortoigildin/go-metrics-altering/internal/agent/sendJSONMetric.go:128.89,130.47 2 0
github.com/igortoigildin/go-metrics-altering/internal/agent/sendJSONMetric.go:130.47,131.11 1 0
github.com/igortoigildin/go-metrics-altering/internal/agent/sendJSONMetric.go:133.5,133.76 1 0
github.com/igortoigildin/go-metrics-altering/internal/agent/sendJSONMetric.go:135.4,135.30 1 0
github.com/igortoigildin/go-metrics-altering/internal/agent/sendJSONMetric.go:136.11,138.14 2 0
github.com/igortoigildin/go-metrics-altering/internal/agent/sendJSONMetric.go:142.2,143.12 2 1
github.com/igortoigildin/go-metrics-altering/internal/agent/sendURLMetric.go:21.65,29.27 3 1
github.com/igortoigildin/go-metrics-altering/internal/agent/sendURLMetric.go:29.27,35.3 5 0
github.com/igortoigildin/go-metrics-altering/internal/agent/sendURLMetric.go:36.2,37.16 2 1
github.com/igortoigildin/go-metrics-altering/internal/agent/sendURLMetric.go:37.16,38.10 1 0
github.com/igortoigildin/go-metrics-altering/internal/agent/sendURLMetric.go:39.26,40.89 1 0
github.com/igortoigildin/go-metrics-altering/internal/agent/sendURLMetric.go:40.89,42.59 2 0
github.com/igortoigildin/go-metrics-altering/internal/agent/sendURLMetric.go:42.59,43.11 1 0
github.com/igortoigildin/go-metrics-altering/internal/agent/sendURLMetric.go:45.5,45.76 1 0
github.com/igortoigildin/go-metrics-altering/internal/agent/sendURLMetric.go:47.4,47.30 1 0
github.com/igortoigildin/go-metrics-altering/internal/agent/sendURLMetric.go:48.11,50.14 2 0
github.com/igortoigildin/go-metrics-altering/internal/agent/sendURLMetric.go:54.2,55.12 2 1
github.com/igortoigildin/go-metrics-altering/internal/agent/sendURLMetric.go:59.84,67.22 3 1
github.com/igortoigildin/go-metrics-altering/internal/agent/sendURLMetric.go:67.22,70.3 2 1
github.com/igortoigildin/go-metrics-altering/internal/agent/sendURLMetric.go:73.2,73.27 1 1
github.com/igortoigildin/go-metrics-altering/internal/agent/sendURLMetric.go:73.27,79.3 5 0
github.com/igortoigildin/go-metrics-altering/internal/agent/sendURLMetric.go:80.2,81.16 2 1
github.com/igortoigildin/go-metrics-altering/internal/agent/sendURLMetric.go:81.16,82.10 1 0
github.com/igortoigildin/go-metrics-altering/internal/agent/sendURLMetric.go:83.26,84.89 1 0
github.com/igortoigildin/go-metrics-altering/internal/agent/sendURLMetric.go:84.89,86.59 2 0
github.com/igortoigildin/go-metrics-altering/internal/agent/sendURLMetric.go:86.59,87.11 1 0
github.com/igortoigildin/go-metrics-altering/internal/agent/sendURLMetric.go:89.5,89.76 1 0
github.com/igortoigildin/go-metrics-altering/internal/agent/sendURLMetric.go:91.4,91.30 1 0
github.com/igortoigildin/go-metrics-altering/internal/agent/sendURLMetric.go:92.11,94.14 2 0
github.com/igortoigildin/go-metrics-altering/internal/agent/sendURLMetric.go:98.2,99.12 2 1
github.com/igortoigildin/go-metrics-altering/internal/agent/memory/memory.go:34.36,39.2 1 0
github.com/igortoigildin/go-metrics-altering/internal/agent/memory/memory.go:42.93,43.6 1 0
github.com/igortoigildin/go-metrics-altering/internal/agent/memory/memory.go:43.6,46.43 3 0
github.com/igortoigildin/go-metrics-altering/internal/agent/memory/memory.go:46.43,49.4 2 0
github.com/igortoigildin/go-metrics-altering/internal/agent/memory/memory.go:50.3,52.24 3 0
github.com/igortoigildin/go-metrics-altering/internal/agent/memory/memory.go:57.65,58.27 1 0
github.com/igortoigildin/go-metrics-altering/internal/agent/memory/memory.go:58.27,60.3 1 0
github.com/igortoigildin/go-metrics-altering/internal/agent/memory/memory.go:61.2,61.6 1 0
github.com/igortoigildin/go-metrics-altering/internal/agent/memory/memory.go:61.6,64.17 3 0
github.com/igortoigildin/go-metrics-altering/internal/agent/memory/memory.go:64.17,66.4 1 0
github.com/igortoigildin/go-metrics-altering/internal/agent/memory/memory.go:67.3,68.17 2 0
github.com/igortoigildin/go-metrics-altering/internal/agent/memory/memory.go:68.17,70.4 1 0
github.com/igortoigildin/go-metrics-altering/internal/agent/memory/memory.go:71.3,75.17 5 0
github.com/igortoigildin/go-metrics-altering/internal/agent/memory/memory.go:80.66,81.6 1 0
github.com/igortoigildin/go-metrics-altering/internal/agent/memory/memory.go:81.6,119.3 37 0
github.com/igortoigildin/go-metrics-altering/internal/models/models.go:15.46,21.2 1 1
github.com/igortoigildin/go-metrics-altering/internal/models/models.go:24.59,30.2 1 1
github.com/igortoigildin/go-metrics-altering/internal/server/api/handlers.go:24.53,25.71 1 0
github.com/igortoigildin/go-metrics-altering/internal/server/api/handlers.go:25.71,27.33 2 0
github.com/igortoigildin/go-metrics-altering/internal/server/api/handlers.go:27.33,31.4 3 0
github.com/igortoigildin/go-metrics-altering/internal/server/api/handlers.go:32.3,33.17 2 0
github.com/igortoigildin/go-metrics-altering/internal/server/api/handlers.go:33.17,36.4 2 0
github.com/igortoigildin/go-metrics-altering/internal/server/api/handlers.go:37.3,37.31 1 0
github.com/igortoigildin/go-metrics-altering/internal/server/api/handlers.go:41.56,42.71 1 0
github.com/igortoigildin/go-metrics-altering/internal/server/api/handlers.go:42.71,45.34 2 0
github.com/igortoigildin/go-metrics-altering/internal/server/api/handlers.go:45.34,49.4 3 0
github.com/igortoigildin/go-metrics-altering/internal/server/api/handlers.go:51.3,53.17 3 0
github.com/igortoigildin/go-metrics-altering/internal/server/api/handlers.go:53.17,57.4 3 0
github.com/igortoigildin/go-metrics-altering/internal/server/api/handlers.go:60.3,60.34 1 0
github.com/igortoigildin/go-metrics-altering/internal/server/api/handlers.go:60.34,61.76 1 0
github.com/igortoigildin/go-metrics-altering/internal/server/api/handlers.go:61.76,65.5 3 0
github.com/igortoigildin/go-metrics-altering/internal/server/api/handlers.go:66.4,66.24 1 0
github.com/igortoigildin/go-metrics-altering/internal/server/api/handlers.go:67.26,69.19 2 0
github.com/igortoigildin/go-metrics-altering/internal/server/api/handlers.go:69.19,73.6 3 0
github.com/igortoigildin/go-metrics-altering/internal/server/api/handlers.go:74.26,76.19 2 0
github.com/igortoigildin/go-metrics-altering/internal/server/api/handlers.go:76.19,80.6 3 0
github.com/igortoigildin/go-metrics-altering/internal/server/api/handlers.go:83.3,83.53 1 0
github.com/igortoigildin/go-metrics-altering/internal/server/api/handlers.go:87.61,88.71 1 0
github.com/igortoigildin/go-metrics-altering/internal/server/api/handlers.go:88.71,91.34 2 0
github.com/igortoigildin/go-metrics-altering/internal/server/api/handlers.go:91.34,95.4 3 0
github.com/igortoigildin/go-metrics-altering/internal/server/api/handlers.go:97.3,99.17 3 0
github.com/igortoigildin/go-metrics-altering/internal/server/api/handlers.go:99.17,103.4 3 0
github.com/igortoigildin/go-metrics-altering/internal/server/api/handlers.go:105.3,105.69 1 0
github.com/igortoigildin/go-metrics-altering/internal/server/api/handlers.go:105.69,109.4 3 0
github.com/igortoigildin/go-metrics-altering/internal/server/api/handlers.go:111.3,111.20 1 0
github.com/igortoigildin/go-metrics-altering/internal/server/api/handlers.go:112.25,114.18 2 0
github.com/igortoigildin/go-metrics-altering/internal/server/api/handlers.go:114.18,118.5 3 0
github.com/igortoigildin/go-metrics-altering/internal/server/api/handlers.go:119.25,121.18 2 0
github.com/igortoigildin/go-metrics-altering/internal/server/api/handlers.go:121.18,125.5 3 0
github.com/igortoigildin/go-metrics-altering/internal/server/api/handlers.go:128.3,135.17 3 0
github.com/igortoigildin/go-metrics-altering/internal/server/api/handlers.go:135.17,138.4 2 0
github.com/igortoigildin/go-metrics-altering/internal/server/api/handlers.go:142.62,143.71 1 0
github.com/igortoigildin/go-metrics-altering/internal/server/api/handlers.go:143.71,147.17 4 0
github.com/igortoigildin/go-metrics-altering/internal/server/api/handlers.go:147.17,151.4 3 0
[...]
github.com/igortoigildin/go-metrics-altering/internal/server/api/handlers.go:292.11,295.10 3 0
github.com/igortoigildin/go-metrics-altering/internal/server/api/router.go:21.96,38.2 11 0
github.com/igortoigildin/go-metrics-altering/internal/server/api/mocks/Storage.go:18.107,21.19 2 0
github.com/igortoigildin/go-metrics-altering/internal/server/api/mocks/Storage.go:21.19,22.45 1 0
github.com/igortoigildin/go-metrics-altering/internal/server/api/mocks/Storage.go:25.2,27.94 3 0
github.com/igortoigildin/go-metrics-altering/internal/server/api/mocks/Storage.go:27.94,29.3 1 0
github.com/igortoigildin/go-metrics-altering/internal/server/api/mocks/Storage.go:30.2,30.85 1 0
github.com/igortoigildin/go-metrics-altering/internal/server/api/mocks/Storage.go:30.85,32.3 1 0
github.com/igortoigildin/go-metrics-altering/internal/server/api/mocks/Storage.go:32.8,34.3 1 0
github.com/igortoigildin/go-metrics-altering/internal/server/api/mocks/Storage.go:36.2,36.76 1 0
github.com/igortoigildin/go-metrics-altering/internal/server/api/mocks/Storage.go:36.76,38.3 1 0
github.com/igortoigildin/go-metrics-altering/internal/server/api/mocks/Storage.go:38.8,40.3 1 0
github.com/igortoigildin/go-metrics-altering/internal/server/api/mocks/Storage.go:42.2,42.15 1 0
github.com/igortoigildin/go-metrics-altering/internal/server/api/mocks/Storage.go:46.80,49.19 2 0
github.com/igortoigildin/go-metrics-altering/internal/server/api/mocks/Storage.go:49.19,50.48 1 0
github.com/igortoigildin/go-metrics-altering/internal/server/api/mocks/Storage.go:53.2,55.86 3 0
github.com/igortoigildin/go-metrics-altering/internal/server/api/mocks/Storage.go:55.86,57.3 1 0
github.com/igortoigildin/go-metrics-altering/internal/server/api/mocks/Storage.go:58.2,58.77 1 0
github.com/igortoigildin/go-metrics-altering/internal/server/api/mocks/Storage.go:58.77,60.3 1 0
github.com/igortoigildin/go-metrics-altering/internal/server/api/mocks/Storage.go:60.8,61.24 1 0
github.com/igortoigildin/go-metrics-altering/internal/server/api/mocks/Storage.go:61.24,63.4 1 0
github.com/igortoigildin/go-metrics-altering/internal/server/api/mocks/Storage.go:66.2,66.60 1 0
github.com/igortoigildin/go-metrics-altering/internal/server/api/mocks/Storage.go:66.60,68.3 1 0
github.com/igortoigildin/go-metrics-altering/internal/server/api/mocks/Storage.go:68.8,70.3 1 0
github.com/igortoigildin/go-metrics-altering/internal/server/api/mocks/Storage.go:72.2,72.15 1 0
github.com/igortoigildin/go-metrics-altering/internal/server/api/mocks/Storage.go:76.52,79.19 2 0
github.com/igortoigildin/go-metrics-altering/internal/server/api/mocks/Storage.go:79.19,80.46 1 0
github.com/igortoigildin/go-metrics-altering/internal/server/api/mocks/Storage.go:83.2,84.60 2 0
github.com/igortoigildin/go-metrics-altering/internal/server/api/mocks/Storage.go:84.60,86.3 1 0
github.com/igortoigildin/go-metrics-altering/internal/server/api/mocks/Storage.go:86.8,88.3 1 0
github.com/igortoigildin/go-metrics-altering/internal/server/api/mocks/Storage.go:90.2,90.11 1 0
github.com/igortoigildin/go-metrics-altering/internal/server/api/mocks/Storage.go:94.117,97.19 2 0
github.com/igortoigildin/go-metrics-altering/internal/server/api/mocks/Storage.go:97.19,98.48 1 0
github.com/igortoigildin/go-metrics-altering/internal/server/api/mocks/Storage.go:101.2,102.89 2 0
github.com/igortoigildin/go-metrics-altering/internal/server/api/mocks/Storage.go:102.89,104.3 1 0
github.com/igortoigildin/go-metrics-altering/internal/server/api/mocks/Storage.go:104.8,106.3 1 0
github.com/igortoigildin/go-metrics-altering/internal/server/api/mocks/Storage.go:108.2,108.11 1 0
github.com/igortoigildin/go-metrics-altering/internal/server/api/mocks/Storage.go:116.13,120.19 3 0
github.com/igortoigildin/go-metrics-altering/internal/server/api/mocks/Storage.go:120.19,120.49 1 0
github.com/igortoigildin/go-metrics-altering/internal/server/api/mocks/Storage.go:122.2,122.13 1 0
github.com/igortoigildin/go-metrics-altering/internal/storage/storage.go:21.44,22.25 1 0
github.com/igortoigildin/go-metrics-altering/internal/storage/storage.go:22.25,25.3 2 0
github.com/igortoigildin/go-metrics-altering/internal/storage/storage.go:27.2,29.21 2 0
github.com/igortoigildin/go-metrics-altering/internal/storage/storage.go:29.21,31.17 2 0
github.com/igortoigildin/go-metrics-altering/internal/storage/storage.go:31.17,33.4 1 0
github.com/igortoigildin/go-metrics-altering/internal/storage/storage.go:36.2,36.29 1 0
github.com/igortoigildin/go-metrics-altering/internal/storage/storage.go:36.29,38.3 1 0
github.com/igortoigildin/go-metrics-altering/internal/storage/storage.go:40.2,40.15 1 0
github.com/igortoigildin/go-metrics-altering/internal/storage/inmemory/local.go:27.26,32.2 1 0
github.com/igortoigildin/go-metrics-altering/internal/storage/inmemory/local.go:34.57,35.36 1 0
github.com/igortoigildin/go-metrics-altering/internal/storage/inmemory/local.go:35.36,40.3 2 0
github.com/igortoigildin/go-metrics-altering/internal/storage/inmemory/local.go:40.8,45.3 2 0
github.com/igortoigildin/go-metrics-altering/internal/storage/inmemory/local.go:48.113,55.16 5 0
github.com/igortoigildin/go-metrics-altering/internal/storage/inmemory/local.go:55.16,58.3 2 0
github.com/igortoigildin/go-metrics-altering/internal/storage/inmemory/local.go:59.2,59.12 1 0
github.com/igortoigildin/go-metrics-altering/internal/storage/inmemory/local.go:62.111,69.16 5 0
github.com/igortoigildin/go-metrics-altering/internal/storage/inmemory/local.go:69.16,72.3 2 0
github.com/igortoigildin/go-metrics-altering/internal/storage/inmemory/local.go:73.2,73.20 1 0
github.com/igortoigildin/go-metrics-altering/internal/storage/inmemory/local.go:76.76,83.2 4 0
github.com/igortoigildin/go-metrics-altering/internal/storage/inmemory/local.go:86.64,88.16 2 0
github.com/igortoigildin/go-metrics-altering/internal/storage/inmemory/local.go:88.16,90.3 1 0
github.com/igortoigildin/go-metrics-altering/internal/storage/inmemory/local.go:91.2,92.59 2 0
github.com/igortoigildin/go-metrics-altering/internal/storage/inmemory/local.go:92.59,94.3 1 0
github.com/igortoigildin/go-metrics-altering/internal/storage/inmemory/local.go:96.2,99.32 3 0
github.com/igortoigildin/go-metrics-altering/internal/storage/inmemory/local.go:99.32,100.25 1 0
github.com/igortoigildin/go-metrics-altering/internal/storage/inmemory/local.go:100.25,102.4 1 0
github.com/igortoigildin/go-metrics-altering/internal/storage/inmemory/local.go:102.9,102.34 1 0
github.com/igortoigildin/go-metrics-altering/internal/storage/inmemory/local.go:102.34,104.4 1 0
github.com/igortoigildin/go-metrics-altering/internal/storage/inmemory/local.go:106.2,106.12 1 0
github.com/igortoigildin/go-metrics-altering/internal/storage/inmemory/local.go:109.56,110.20 1 0
github.com/igortoigildin/go-metrics-altering/internal/storage/inmemory/local.go:110.20,113.3 2 0
github.com/igortoigildin/go-metrics-altering/internal/storage/inmemory/local.go:115.2,115.22 1 0
github.com/igortoigildin/go-metrics-altering/internal/storage/inmemory/local.go:115.22,118.3 2 0
github.com/igortoigildin/go-metrics-altering/internal/storage/inmemory/local.go:119.2,119.12 1 0
github.com/igortoigildin/go-metrics-altering/internal/storage/inmemory/local.go:123.110,125.6 1 0
github.com/igortoigildin/go-metrics-altering/internal/storage/inmemory/local.go:125.6,130.31 3 0
github.com/igortoigildin/go-metrics-altering/internal/storage/inmemory/local.go:130.31,132.34 2 0
github.com/igortoigildin/go-metrics-altering/internal/storage/inmemory/local.go:132.34,137.13 5 0
github.com/igortoigildin/go-metrics-altering/internal/storage/inmemory/local.go:139.4,139.32 1 0
github.com/igortoigildin/go-metrics-altering/internal/storage/inmemory/local.go:139.32,144.5 4 0
github.com/igortoigildin/go-metrics-altering/internal/storage/inmemory/local.go:147.3,148.17 2 0
github.com/igortoigildin/go-metrics-altering/internal/storage/inmemory/local.go:148.17,151.4 2 0
github.com/igortoigildin/go-metrics-altering/internal/storage/inmemory/local.go:153.3,154.17 2 0
github.com/igortoigildin/go-metrics-altering/internal/storage/inmemory/local.go:154.17,157.4 2 0
github.com/igortoigildin/go-metrics-altering/internal/storage/inmemory/setMetricAlgo.go:19.91,20.22 1 0
github.com/igortoigildin/go-metrics-altering/internal/storage/inmemory/setMetricAlgo.go:20.22,22.3 1 0
github.com/igortoigildin/go-metrics-altering/internal/storage/inmemory/setMetricAlgo.go:23.2,27.12 5 0
github.com/igortoigildin/go-metrics-altering/internal/storage/inmemory/setMetricAlgo.go:30.89,40.2 7 0
github.com/igortoigildin/go-metrics-altering/internal/storage/inmemory/setMetricAlgo.go:47.89,48.20 1 0
github.com/igortoigildin/go-metrics-altering/internal/storage/inmemory/setMetricAlgo.go:48.20,50.3 1 0
github.com/igortoigildin/go-metrics-altering/internal/storage/inmemory/setMetricAlgo.go:51.2,55.12 5 0
github.com/igortoigildin/go-metrics-altering/internal/storage/inmemory/setMetricAlgo.go:57.87,67.2 7 0
github.com/igortoigildin/go-metrics-altering/internal/storage/postgres/postgres.go:25.44,29.2 1 0
github.com/igortoigildin/go-metrics-altering/internal/storage/postgres/postgres.go:31.53,32.36 1 0
github.com/igortoigildin/go-metrics-altering/internal/storage/postgres/postgres.go:32.36,37.3 2 0
github.com/igortoigildin/go-metrics-altering/internal/storage/postgres/postgres.go:37.8,42.3 2 0
github.com/igortoigildin/go-metrics-altering/internal/storage/postgres/postgres.go:45.47,48.16 3 0
github.com/igortoigildin/go-metrics-altering/internal/storage/postgres/postgres.go:48.16,50.3 1 0
github.com/igortoigildin/go-metrics-altering/internal/storage/postgres/postgres.go:51.2,54.16 3 0
github.com/igortoigildin/go-metrics-altering/internal/storage/postgres/postgres.go:54.16,56.3 1 0
github.com/igortoigildin/go-metrics-altering/internal/storage/postgres/postgres.go:57.2,59.16 2 0
github.com/igortoigildin/go-metrics-altering/internal/storage/postgres/postgres.go:59.16,61.3 1 0
github.com/igortoigildin/go-metrics-altering/internal/storage/postgres/postgres.go:62.2,62.12 1 0
github.com/igortoigildin/go-metrics-altering/internal/storage/postgres/postgres.go:65.54,67.16 2 0
github.com/igortoigildin/go-metrics-altering/internal/storage/postgres/postgres.go:67.16,69.3 1 0
github.com/igortoigildin/go-metrics-altering/internal/storage/postgres/postgres.go:70.2,70.12 1 0
github.com/igortoigildin/go-metrics-altering/internal/storage/postgres/postgres.go:73.111,76.2 2 0
github.com/igortoigildin/go-metrics-altering/internal/storage/postgres/postgres.go:78.109,81.2 2 0
github.com/igortoigildin/go-metrics-altering/internal/storage/postgres/postgres.go:83.74,86.16 3 0
github.com/igortoigildin/go-metrics-altering/internal/storage/postgres/postgres.go:86.16,88.3 1 0
github.com/igortoigildin/go-metrics-altering/internal/storage/postgres/postgres.go:89.2,90.18 2 0
github.com/igortoigildin/go-metrics-altering/internal/storage/postgres/postgres.go:90.18,94.17 4 0
github.com/igortoigildin/go-metrics-altering/internal/storage/postgres/postgres.go:94.17,96.4 1 0
github.com/igortoigildin/go-metrics-altering/internal/storage/postgres/postgres.go:97.3,97.24 1 0
github.com/igortoigildin/go-metrics-altering/internal/storage/postgres/postgres.go:99.2,100.16 2 0
github.com/igortoigildin/go-metrics-altering/internal/storage/postgres/postgres.go:100.16,102.3 1 0
github.com/igortoigildin/go-metrics-altering/internal/storage/postgres/postgres.go:103.2,104.16 2 0
github.com/igortoigildin/go-metrics-altering/internal/storage/postgres/postgres.go:104.16,106.3 1 0
github.com/igortoigildin/go-metrics-altering/internal/storage/postgres/postgres.go:107.2,108.18 2 0
github.com/igortoigildin/go-metrics-altering/internal/storage/postgres/postgres.go:108.18,112.17 4 0
github.com/igortoigildin/go-metrics-altering/internal/storage/postgres/postgres.go:112.17,114.4 1 0
github.com/igortoigildin/go-metrics-altering/internal/storage/postgres/postgres.go:115.3,115.24 1 0
github.com/igortoigildin/go-metrics-altering/internal/storage/postgres/postgres.go:117.2,118.16 2 0
github.com/igortoigildin/go-metrics-altering/internal/storage/postgres/postgres.go:118.16,120.3 1 0
github.com/igortoigildin/go-metrics-altering/internal/storage/postgres/postgres.go:121.2,121.21 1 0
github.com/igortoigildin/go-metrics-altering/internal/storage/postgres/strategy.go:22.106,25.16 2 0
github.com/igortoigildin/go-metrics-altering/internal/storage/postgres/strategy.go:25.16,28.3 2 0
github.com/igortoigildin/go-metrics-altering/internal/storage/postgres/strategy.go:29.2,29.12 1 0
github.com/igortoigildin/go-metrics-altering/internal/storage/postgres/strategy.go:32.104,36.9 3 0
github.com/igortoigildin/go-metrics-altering/internal/storage/postgres/strategy.go:37.37,39.21 2 0
github.com/igortoigildin/go-metrics-altering/internal/storage/postgres/strategy.go:40.18,42.21 2 0
github.com/igortoigildin/go-metrics-altering/internal/storage/postgres/strategy.go:44.2,44.20 1 0
github.com/igortoigildin/go-metrics-altering/internal/storage/postgres/strategy.go:51.106,54.16 2 0
github.com/igortoigildin/go-metrics-altering/internal/storage/postgres/strategy.go:54.16,57.3 2 0
github.com/igortoigildin/go-metrics-altering/internal/storage/postgres/strategy.go:58.2,58.12 1 0
github.com/igortoigildin/go-metrics-altering/internal/storage/postgres/strategy.go:61.104,65.9 3 0
github.com/igortoigildin/go-metrics-altering/internal/storage/postgres/strategy.go:66.37,68.21 2 0
github.com/igortoigildin/go-metrics-altering/internal/storage/postgres/strategy.go:69.18,71.21 2 0
github.com/igortoigildin/go-metrics-altering/internal/storage/postgres/strategy.go:73.2,73.20 1 0
github.com/igortoigildin/go-metrics-altering/pkg/logger/logger.go:7.37,9.16 2 0
github.com/igortoigildin/go-metrics-altering/pkg/logger/logger.go:9.16,11.3 1 0
github.com/igortoigildin/go-metrics-altering/pkg/logger/logger.go:12.2,15.16 4 0
github.com/igortoigildin/go-metrics-altering/pkg/logger/logger.go:15.16,17.3 1 0
github.com/igortoigildin/go-metrics-altering/pkg/logger/logger.go:18.2,19.12 2 0
github.com/igortoigildin/go-metrics-altering/pkg/middlewares/auth/auth.go:17.77,18.71 1 0
github.com/igortoigildin/go-metrics-altering/pkg/middlewares/auth/auth.go:18.71,20.55 2 0
github.com/igortoigildin/go-metrics-altering/pkg/middlewares/auth/auth.go:20.55,21.21 1 0
github.com/igortoigildin/go-metrics-altering/pkg/middlewares/auth/auth.go:21.21,25.19 3 0
github.com/igortoigildin/go-metrics-altering/pkg/middlewares/auth/auth.go:25.19,29.6 3 0
github.com/igortoigildin/go-metrics-altering/pkg/middlewares/auth/auth.go:30.5,33.46 3 0
github.com/igortoigildin/go-metrics-altering/pkg/middlewares/auth/auth.go:33.46,37.6 3 0
github.com/igortoigildin/go-metrics-altering/pkg/middlewares/auth/auth.go:40.3,40.13 1 0
github.com/igortoigildin/go-metrics-altering/pkg/middlewares/auth/auth.go:45.53,50.2 4 0
github.com/igortoigildin/go-metrics-altering/pkg/middlewares/compress/compress.go:16.63,21.2 1 0
github.com/igortoigildin/go-metrics-altering/pkg/middlewares/compress/compress.go:23.47,25.2 1 0
github.com/igortoigildin/go-metrics-altering/pkg/middlewares/compress/compress.go:27.55,29.2 1 0
github.com/igortoigildin/go-metrics-altering/pkg/middlewares/compress/compress.go:31.54,32.22 1 0
github.com/igortoigildin/go-metrics-altering/pkg/middlewares/compress/compress.go:32.22,34.3 1 0
github.com/igortoigildin/go-metrics-altering/pkg/middlewares/compress/compress.go:35.2,35.29 1 0
github.com/igortoigildin/go-metrics-altering/pkg/middlewares/compress/compress.go:38.40,40.2 1 0
github.com/igortoigildin/go-metrics-altering/pkg/middlewares/compress/compress.go:47.66,49.16 2 0
github.com/igortoigildin/go-metrics-altering/pkg/middlewares/compress/compress.go:49.16,51.3 1 0
github.com/igortoigildin/go-metrics-altering/pkg/middlewares/compress/compress.go:52.2,55.8 1 0
github.com/igortoigildin/go-metrics-altering/pkg/middlewares/compress/compress.go:58.59,60.2 1 0
github.com/igortoigildin/go-metrics-altering/pkg/middlewares/compress/compress.go:62.40,63.36 1 0
github.com/igortoigildin/go-metrics-altering/pkg/middlewares/compress/compress.go:63.36,65.3 1 0
github.com/igortoigildin/go-metrics-altering/pkg/middlewares/compress/compress.go:66.2,66.21 1 0
github.com/igortoigildin/go-metrics-altering/pkg/middlewares/compress/compress.go:69.58,70.54 1 0
github.com/igortoigildin/go-metrics-altering/pkg/middlewares/compress/compress.go:70.54,74.19 4 0
github.com/igortoigildin/go-metrics-altering/pkg/middlewares/compress/compress.go:74.19,78.4 3 0
github.com/igortoigildin/go-metrics-altering/pkg/middlewares/compress/compress.go:79.3,81.16 3 0
github.com/igortoigildin/go-metrics-altering/pkg/middlewares/compress/compress.go:81.16,83.18 2 0
github.com/igortoigildin/go-metrics-altering/pkg/middlewares/compress/compress.go:83.18,86.5 2 0
github.com/igortoigildin/go-metrics-altering/pkg/middlewares/compress/compress.go:87.4,88.20 2 0
github.com/igortoigildin/go-metrics-altering/pkg/middlewares/compress/compress.go:90.3,90.21 1 0
github.com/igortoigildin/go-metrics-altering/pkg/middlewares/logging/logging.go:26.62,30.2 3 0
github.com/igortoigildin/go-metrics-altering/pkg/middlewares/logging/logging.go:32.61,35.2 2 0
github.com/igortoigildin/go-metrics-altering/pkg/middlewares/logging/logging.go:38.51,39.71 1 0
github.com/igortoigildin/go-metrics-altering/pkg/middlewares/logging/logging.go:39.71,58.3 6 0
github.com/igortoigildin/go-metrics-altering/pkg/middlewares/timeout/timeout.go:12.77,13.71 1 0
github.com/igortoigildin/go-metrics-altering/pkg/middlewares/timeout/timeout.go:13.71,20.13 5 0
github.com/igortoigildin/go-metrics-altering/pkg/middlewares/timeout/timeout.go:20.13,23.4 2 0
github.com/igortoigildin/go-metrics-altering/pkg/middlewares/timeout/timeout.go:25.3,25.10 1 0
github.com/igortoigildin/go-metrics-altering/pkg/middlewares/timeout/timeout.go:26.21,29.32 3 0
github.com/igortoigildin/go-metrics-altering/pkg/middlewares/timeout/timeout.go:30.22,30.22 0 0
github.com/igortoigildin/go-metrics-altering/pkg/processJSON/processJSON.go:20.69,24.2 3 0
github.com/igortoigildin/go-metrics-altering/pkg/processJSON/processJSON.go:26.47,28.16 2 0
github.com/igortoigildin/go-metrics-altering/pkg/processJSON/processJSON.go:28.16,34.10 4 0
github.com/igortoigildin/go-metrics-altering/pkg/processJSON/processJSON.go:35.37,36.94 1 0
github.com/igortoigildin/go-metrics-altering/pkg/processJSON/processJSON.go:37.44,38.56 1 0
github.com/igortoigildin/go-metrics-altering/pkg/processJSON/processJSON.go:39.44,40.38 1 0
github.com/igortoigildin/go-metrics-altering/pkg/processJSON/processJSON.go:40.38,42.5 1 0
github.com/igortoigildin/go-metrics-altering/pkg/processJSON/processJSON.go:43.4,43.94 1 0
github.com/igortoigildin/go-metrics-altering/pkg/processJSON/processJSON.go:44.31,45.47 1 0
github.com/igortoigildin/go-metrics-altering/pkg/processJSON/processJSON.go:46.11,47.14 1 0
github.com/igortoigildin/go-metrics-altering/pkg/processJSON/processJSON.go:50.2,50.12 1 0
github.com/igortoigildin/go-metrics-altering/pkg/processJSON/processJSON.go:53.89,55.16 2 0
github.com/igortoigildin/go-metrics-altering/pkg/processJSON/processJSON.go:55.16,57.3 1 0
github.com/igortoigildin/go-metrics-altering/pkg/processJSON/processJSON.go:58.2,59.34 2 0
github.com/igortoigildin/go-metrics-altering/pkg/processJSON/processJSON.go:59.34,61.3 1 0
github.com/igortoigildin/go-metrics-altering/pkg/processJSON/processJSON.go:63.2,66.12 4 0
github.com/igortoigildin/go-metrics-altering/pkg/processMap/processMap.go:4.90,6.22 2 0
github.com/igortoigildin/go-metrics-altering/pkg/processMap/processMap.go:6.22,8.3 1 0
github.com/igortoigildin/go-metrics-altering/pkg/processMap/processMap.go:9.2,9.22 1 0
github.com/igortoigildin/go-metrics-altering/pkg/processMap/processMap.go:9.22,11.3 1 0
github.com/igortoigildin/go-metrics-altering/pkg/processMap/processMap.go:12.2,12.10 1 0
github.com/igortoigildin/go-metrics-altering/templates/fs.go:12.41,14.16 2 0
github.com/igortoigildin/go-metrics-altering/templates/fs.go:14.16,16.3 1 0
github.com/igortoigildin/go-metrics-altering/templates/fs.go:17.2,17.10 1 0
